2020-11-10 10:54:12,982-log.py-<module>-DEBUG-19-TEST for logging
2020-11-10 10:57:17,352-matching.py-__init__-DEBUG-44-牛群明细文件的后缀是：XLSX
2020-11-10 10:57:17,363-matching.py-__init__-DEBUG-58-牧场的选配参数为：
  ['洪雅', '103', '0', '1', '2', '0', '0', '0', '30', 'nothing']
2020-11-10 10:57:17,385-matching.py-import_cowsFile-INFO-75-

开始执行第一步：导入牛群明细...
2020-11-10 10:57:17,387-matching.py-import_cowsFile-INFO-76-参数为：
  牛群明细：洪雅_全群明细_20201107.xlsx
...
2020-11-10 10:57:17,388-matching.py-import_cowsFile-DEBUG-78-overload: 0
2020-11-10 10:57:17,389-matching.py-import_cowsFile-DEBUG-79-<class 'int'>
2020-11-10 10:57:17,392-matching.py-import_cowsFile-DEBUG-86-文件后缀是: XLSX
2020-11-10 10:57:17,393-matching.py-import_cowsFile-DEBUG-87-当前操作系统是：Windows
2020-11-10 10:57:19,775-matching.py-import_cowsFile-INFO-107-从原始文件中导入数据,原始文件是：c:\Users\runda\OneDrive - RundaTech\PortableApps\PortableApps\VSCode\data\ToolsALTA\Match_files\洪雅_全群明细_20201107.xlsx
2020-11-10 10:57:19,793-matching.py-import_cowsFile-INFO-111-pickle文件已保存：c:\Users\runda\OneDrive - RundaTech\PortableApps\PortableApps\VSCode\data\ToolsALTA\Match_files\洪雅_全群明细_20201107.pickle
2020-11-10 10:57:19,795-matching.py-import_cowsFile-INFO-112-已导入所有列
2020-11-10 10:57:19,808-matching.py-import_cowsFile-INFO-124-开始提取列...
  希望提取的列：['牛号', '月龄', '胎次', '繁殖状态', '泌乳天数', '产后天数', '空怀天数', '配种次数', '奶量1', '奶量2', '牛舍名称', '出生日期', '父亲牛号', '外祖父号', '繁殖代码', '怀孕日期', '产犊日期', '干奶日期', '配种日期', '流产日期', '与配公牛']
2020-11-10 10:57:19,809-matching.py-import_cowsFile-INFO-128-  已提取到列:牛号，文件中是：牛号
2020-11-10 10:57:19,841-matching.py-import_cowsFile-INFO-128-  已提取到列:月龄，文件中是：月龄
2020-11-10 10:57:19,844-matching.py-import_cowsFile-INFO-128-  已提取到列:胎次，文件中是：胎次
2020-11-10 10:57:19,850-matching.py-import_cowsFile-INFO-128-  已提取到列:繁殖状态，文件中是：繁殖状态
2020-11-10 10:57:19,855-matching.py-import_cowsFile-INFO-128-  已提取到列:泌乳天数，文件中是：泌乳天数
2020-11-10 10:57:19,859-matching.py-import_cowsFile-INFO-128-  已提取到列:产后天数，文件中是：产后天数
2020-11-10 10:57:19,861-matching.py-import_cowsFile-INFO-128-  已提取到列:空怀天数，文件中是：空怀天数
2020-11-10 10:57:19,871-matching.py-import_cowsFile-INFO-128-  已提取到列:配种次数，文件中是：配种次数
2020-11-10 10:57:19,876-matching.py-import_cowsFile-INFO-128-  已提取到列:奶量1，文件中是：月龄
2020-11-10 10:57:19,886-matching.py-import_cowsFile-INFO-128-  已提取到列:奶量2，文件中是：月龄
2020-11-10 10:57:19,891-matching.py-import_cowsFile-INFO-128-  已提取到列:牛舍名称，文件中是：牛舍名称
2020-11-10 10:57:19,901-matching.py-import_cowsFile-INFO-128-  已提取到列:出生日期，文件中是：出生日期
2020-11-10 10:57:19,904-matching.py-import_cowsFile-INFO-128-  已提取到列:父亲牛号，文件中是：父亲牛号
2020-11-10 10:57:19,908-matching.py-import_cowsFile-INFO-128-  已提取到列:外祖父号，文件中是：外祖父号
2020-11-10 10:57:19,911-matching.py-import_cowsFile-INFO-138-未提取到列:繁殖代码, 文件中未找到['RC', '注册号']
2020-11-10 10:57:19,917-matching.py-import_cowsFile-INFO-138-未提取到列:怀孕日期, 文件中未找到['怀孕日期', '受孕日期', 'CDAT', '配准日期', '配妊日期']
2020-11-10 10:57:19,920-matching.py-import_cowsFile-INFO-138-未提取到列:产犊日期, 文件中未找到['产犊日期', 'FDAT', '最后分娩日期', '最近产犊日期']
2020-11-10 10:57:19,924-matching.py-import_cowsFile-INFO-138-未提取到列:干奶日期, 文件中未找到['干奶日期', 'DDAT', '最后干奶日期', '最近干奶日期', '停奶日期']
2020-11-10 10:57:19,934-matching.py-import_cowsFile-INFO-128-  已提取到列:配种日期，文件中是：配种日期
2020-11-10 10:57:19,937-matching.py-import_cowsFile-INFO-138-未提取到列:流产日期, 文件中未找到['流产日期', 'ABDAT', '最近流产日期', '末次流产日期']
2020-11-10 10:57:19,941-matching.py-import_cowsFile-INFO-138-未提取到列:与配公牛, 文件中未找到['与配公牛', '配种公牛号', 'LSIR', '最后与配公牛', '精液、胚胎号', '冻精或胚胎编号', '公牛号']
2020-11-10 10:57:19,943-matching.py-import_cowsFile-INFO-140-提取完成。
2020-11-10 10:57:20,006-matching.py-import_cowsFile-DEBUG-147-牛号      float64
月龄      float64
胎次      float64
繁殖状态     object
泌乳天数    float64
产后天数    float64
空怀天数    float64
配种次数    float64
奶量1     float64
奶量2     float64
牛舍名称     object
出生日期     object
父亲牛号     object
外祖父号     object
繁殖代码      int64
怀孕日期      int64
产犊日期      int64
干奶日期      int64
配种日期     object
流产日期      int64
与配公牛      int64
dtype: object
2020-11-10 10:57:20,035-matching.py-import_cowsFile-INFO-152-去除重复耳号及空耳号
2020-11-10 10:57:20,036-matching.py-import_cowsFile-INFO-157-开始处理日期格式...转换日期格式为"【月/日/年】
2020-11-10 10:57:20,038-matching.py-import_cowsFile-INFO-159-  【出生日期】当前格式是：2008-07-17
2020-11-10 10:57:20,050-matching.py-import_cowsFile-INFO-162-    --第1步：转换为日期类型。
2020-11-10 10:57:20,115-matching.py-import_cowsFile-INFO-176-    --出生日期格式处理完成。现在的格式为：【07/17/2008】
2020-11-10 10:57:20,116-matching.py-import_cowsFile-INFO-159-  【怀孕日期】当前格式是：-1
2020-11-10 10:57:20,120-matching.py-import_cowsFile-INFO-162-    --第1步：转换为日期类型。
2020-11-10 10:57:20,251-matching.py-import_cowsFile-INFO-176-    --怀孕日期格式处理完成。现在的格式为：【12/31/1969】
2020-11-10 10:57:20,252-matching.py-import_cowsFile-INFO-159-  【产犊日期】当前格式是：-1
2020-11-10 10:57:20,254-matching.py-import_cowsFile-INFO-162-    --第1步：转换为日期类型。
2020-11-10 10:57:20,306-matching.py-import_cowsFile-INFO-176-    --产犊日期格式处理完成。现在的格式为：【12/31/1969】
2020-11-10 10:57:20,307-matching.py-import_cowsFile-INFO-159-  【干奶日期】当前格式是：-1
2020-11-10 10:57:20,310-matching.py-import_cowsFile-INFO-162-    --第1步：转换为日期类型。
2020-11-10 10:57:20,378-matching.py-import_cowsFile-INFO-176-    --干奶日期格式处理完成。现在的格式为：【12/31/1969】
2020-11-10 10:57:20,380-matching.py-import_cowsFile-INFO-159-  【配种日期】当前格式是：2020-09-11
2020-11-10 10:57:20,389-matching.py-import_cowsFile-INFO-162-    --第1步：转换为日期类型。
2020-11-10 10:57:20,457-matching.py-import_cowsFile-INFO-176-    --配种日期格式处理完成。现在的格式为：【09/11/2020】
2020-11-10 10:57:20,458-matching.py-import_cowsFile-INFO-159-  【流产日期】当前格式是：-1
2020-11-10 10:57:20,462-matching.py-import_cowsFile-INFO-162-    --第1步：转换为日期类型。
2020-11-10 10:57:20,540-matching.py-import_cowsFile-INFO-176-    --流产日期格式处理完成。现在的格式为：【12/31/1969】
2020-11-10 10:57:20,541-matching.py-import_cowsFile-INFO-179-添加配种组列, 默认全为0
2020-11-10 10:57:20,570-matching.py-import_cowsFile-INFO-197-文件中共有牛头数：【6905】
2020-11-10 10:57:20,571-matching.py-import_cowsFile-INFO-198-数据保存中...
2020-11-10 10:57:20,692-matching.py-import_cowsFile-INFO-204-各列数据类型转换中...
2020-11-10 10:57:20,721-matching.py-import_cowsFile-DEBUG-216-牛号       int64
月龄       int64
胎次       int64
繁殖状态    object
泌乳天数     int64
产后天数     int64
空怀天数     int64
配种次数     int64
奶量1      int64
奶量2      int64
牛舍名称    object
出生日期    object
父亲牛号    object
外祖父号    object
繁殖代码     int64
怀孕日期    object
产犊日期    object
干奶日期    object
配种日期    object
流产日期    object
与配公牛     int64
配种组      int32
dtype: object
2020-11-10 10:57:20,723-matching.py-import_cowsFile-INFO-217-第一步执行完成，提取的数据保存在：c:\Users\runda\OneDrive - RundaTech\PortableApps\PortableApps\VSCode\data\ToolsALTA\洪雅_主要信息_20201110.csv

2020-11-10 10:59:11,055-log.py-<module>-DEBUG-19-TEST for logging
2020-11-10 10:59:11,666-matching.py-__init__-DEBUG-44-牛群明细文件的后缀是：XLSX
2020-11-10 10:59:11,666-matching.py-__init__-DEBUG-58-牧场的选配参数为：
  ['洪雅', '103', '0', '1', '2', '0', '0', '0', '30', 'nothing']
2020-11-10 10:59:11,667-matching.py-import_cowsFile-INFO-75-

开始执行第一步：导入牛群明细...
2020-11-10 10:59:11,668-matching.py-import_cowsFile-INFO-76-参数为：
  牛群明细：洪雅_全群明细_20201107.xlsx
...
2020-11-10 10:59:11,668-matching.py-import_cowsFile-DEBUG-78-overload: 0
2020-11-10 10:59:11,669-matching.py-import_cowsFile-DEBUG-79-<class 'int'>
2020-11-10 10:59:11,684-matching.py-import_cowsFile-INFO-83-直接读取已存在的pickle文件:C:\Users\runda\OneDrive - RundaTech\PortableApps\PortableApps\VSCode\data\ToolsALTA\Match_files\洪雅_全群明细_20201107.pickle
2020-11-10 10:59:11,684-matching.py-import_cowsFile-INFO-112-已导入所有列
2020-11-10 10:59:11,685-matching.py-import_cowsFile-INFO-124-开始提取列...
  希望提取的列：['牛号', '月龄', '胎次', '繁殖状态', '泌乳天数', '产后天数', '空怀天数', '配种次数', '奶量1', '奶量2', '牛舍名称', '出生日期', '父亲牛号', '外祖父号', '繁殖代码', '怀孕日期', '产犊日期', '干奶日期', '配种日期', '流产日期', '与配公牛']
2020-11-10 10:59:11,685-matching.py-import_cowsFile-INFO-128-  已提取到列:牛号，文件中是：牛号
2020-11-10 10:59:11,687-matching.py-import_cowsFile-INFO-128-  已提取到列:月龄，文件中是：月龄
2020-11-10 10:59:11,688-matching.py-import_cowsFile-INFO-128-  已提取到列:胎次，文件中是：胎次
2020-11-10 10:59:11,688-matching.py-import_cowsFile-INFO-128-  已提取到列:繁殖状态，文件中是：繁殖状态
2020-11-10 10:59:11,689-matching.py-import_cowsFile-INFO-128-  已提取到列:泌乳天数，文件中是：泌乳天数
2020-11-10 10:59:11,690-matching.py-import_cowsFile-INFO-128-  已提取到列:产后天数，文件中是：产后天数
2020-11-10 10:59:11,690-matching.py-import_cowsFile-INFO-128-  已提取到列:空怀天数，文件中是：空怀天数
2020-11-10 10:59:11,691-matching.py-import_cowsFile-INFO-128-  已提取到列:配种次数，文件中是：配种次数
2020-11-10 10:59:11,692-matching.py-import_cowsFile-INFO-128-  已提取到列:奶量1，文件中是：月龄
2020-11-10 10:59:11,693-matching.py-import_cowsFile-INFO-128-  已提取到列:奶量2，文件中是：月龄
2020-11-10 10:59:11,693-matching.py-import_cowsFile-INFO-128-  已提取到列:牛舍名称，文件中是：牛舍名称
2020-11-10 10:59:11,694-matching.py-import_cowsFile-INFO-128-  已提取到列:出生日期，文件中是：出生日期
2020-11-10 10:59:11,695-matching.py-import_cowsFile-INFO-128-  已提取到列:父亲牛号，文件中是：父亲牛号
2020-11-10 10:59:11,697-matching.py-import_cowsFile-INFO-128-  已提取到列:外祖父号，文件中是：外祖父号
2020-11-10 10:59:11,698-matching.py-import_cowsFile-INFO-138-未提取到列:繁殖代码, 文件中未找到['RC', '注册号']
2020-11-10 10:59:11,698-matching.py-import_cowsFile-INFO-138-未提取到列:怀孕日期, 文件中未找到['怀孕日期', '受孕日期', 'CDAT', '配准日期', '配妊日期']
2020-11-10 10:59:11,699-matching.py-import_cowsFile-INFO-138-未提取到列:产犊日期, 文件中未找到['产犊日期', 'FDAT', '最后分娩日期', '最近产犊日期']
2020-11-10 10:59:11,700-matching.py-import_cowsFile-INFO-138-未提取到列:干奶日期, 文件中未找到['干奶日期', 'DDAT', '最后干奶日期', '最近干奶日期', '停奶日期']
2020-11-10 10:59:11,702-matching.py-import_cowsFile-INFO-128-  已提取到列:配种日期，文件中是：配种日期
2020-11-10 10:59:11,708-matching.py-import_cowsFile-INFO-138-未提取到列:流产日期, 文件中未找到['流产日期', 'ABDAT', '最近流产日期', '末次流产日期']
2020-11-10 10:59:11,709-matching.py-import_cowsFile-INFO-138-未提取到列:与配公牛, 文件中未找到['与配公牛', '配种公牛号', 'LSIR', '最后与配公牛', '精液、胚胎号', '冻精或胚胎编号', '公牛号']
2020-11-10 10:59:11,710-matching.py-import_cowsFile-INFO-140-提取完成。
2020-11-10 10:59:11,736-matching.py-import_cowsFile-DEBUG-147-牛号      float64
月龄      float64
胎次      float64
繁殖状态     object
泌乳天数    float64
产后天数    float64
空怀天数    float64
配种次数    float64
奶量1     float64
奶量2     float64
牛舍名称     object
出生日期     object
父亲牛号     object
外祖父号     object
繁殖代码      int64
怀孕日期      int64
产犊日期      int64
干奶日期      int64
配种日期     object
流产日期      int64
与配公牛      int64
dtype: object
2020-11-10 10:59:11,757-matching.py-import_cowsFile-INFO-152-去除重复耳号及空耳号
2020-11-10 10:59:11,758-matching.py-import_cowsFile-INFO-157-开始处理日期格式...转换日期格式为"【月/日/年】
2020-11-10 10:59:11,758-matching.py-import_cowsFile-INFO-159-  【出生日期】当前格式是：2008-07-17
2020-11-10 10:59:11,767-matching.py-import_cowsFile-INFO-162-    --第1步：转换为日期类型。
2020-11-10 10:59:11,818-matching.py-import_cowsFile-INFO-176-    --出生日期格式处理完成。现在的格式为：【07/17/2008】
2020-11-10 10:59:11,818-matching.py-import_cowsFile-INFO-159-  【怀孕日期】当前格式是：-1
2020-11-10 10:59:11,820-matching.py-import_cowsFile-INFO-162-    --第1步：转换为日期类型。
2020-11-10 10:59:11,866-matching.py-import_cowsFile-INFO-176-    --怀孕日期格式处理完成。现在的格式为：【12/31/1969】
2020-11-10 10:59:11,866-matching.py-import_cowsFile-INFO-159-  【产犊日期】当前格式是：-1
2020-11-10 10:59:11,868-matching.py-import_cowsFile-INFO-162-    --第1步：转换为日期类型。
2020-11-10 10:59:11,929-matching.py-import_cowsFile-INFO-176-    --产犊日期格式处理完成。现在的格式为：【12/31/1969】
2020-11-10 10:59:11,930-matching.py-import_cowsFile-INFO-159-  【干奶日期】当前格式是：-1
2020-11-10 10:59:11,932-matching.py-import_cowsFile-INFO-162-    --第1步：转换为日期类型。
2020-11-10 10:59:11,977-matching.py-import_cowsFile-INFO-176-    --干奶日期格式处理完成。现在的格式为：【12/31/1969】
2020-11-10 10:59:11,978-matching.py-import_cowsFile-INFO-159-  【配种日期】当前格式是：2020-09-11
2020-11-10 10:59:11,982-matching.py-import_cowsFile-INFO-162-    --第1步：转换为日期类型。
2020-11-10 10:59:12,028-matching.py-import_cowsFile-INFO-176-    --配种日期格式处理完成。现在的格式为：【09/11/2020】
2020-11-10 10:59:12,028-matching.py-import_cowsFile-INFO-159-  【流产日期】当前格式是：-1
2020-11-10 10:59:12,031-matching.py-import_cowsFile-INFO-162-    --第1步：转换为日期类型。
2020-11-10 10:59:12,076-matching.py-import_cowsFile-INFO-176-    --流产日期格式处理完成。现在的格式为：【12/31/1969】
2020-11-10 10:59:12,077-matching.py-import_cowsFile-INFO-179-添加配种组列, 默认全为0
2020-11-10 10:59:12,088-matching.py-import_cowsFile-INFO-197-文件中共有牛头数：【6905】
2020-11-10 10:59:12,088-matching.py-import_cowsFile-INFO-198-数据保存中...
2020-11-10 10:59:12,176-matching.py-import_cowsFile-INFO-204-各列数据类型转换中...
2020-11-10 10:59:12,194-matching.py-import_cowsFile-DEBUG-216-牛号       int64
月龄       int64
胎次       int64
繁殖状态    object
泌乳天数     int64
产后天数     int64
空怀天数     int64
配种次数     int64
奶量1      int64
奶量2      int64
牛舍名称    object
出生日期    object
父亲牛号    object
外祖父号    object
繁殖代码     int64
怀孕日期    object
产犊日期    object
干奶日期    object
配种日期    object
流产日期    object
与配公牛     int64
配种组      int32
dtype: object
2020-11-10 10:59:12,194-matching.py-import_cowsFile-INFO-217-第一步执行完成，提取的数据保存在：C:\Users\runda\OneDrive - RundaTech\PortableApps\PortableApps\VSCode\data\ToolsALTA\洪雅_主要信息_20201110.csv

2020-11-10 11:19:07,566-log.py-<module>-DEBUG-19-TEST for logging
2020-11-10 11:19:31,512-log.py-<module>-DEBUG-19-TEST for logging
2020-11-10 11:19:32,043-matching.py-__init__-DEBUG-44-牛群明细文件的后缀是：XLSX
2020-11-10 11:19:32,044-matching.py-__init__-DEBUG-58-牧场的选配参数为：
  ['洪雅', '103', '0', '1', '2', '0', '0', '0', '30', 'nothing']
2020-11-10 11:19:32,045-matching.py-import_cowsFile-INFO-75-

开始执行第一步：导入牛群明细:洪雅_全群明细_20201107.xlsx
2020-11-10 11:19:32,047-matching.py-import_cowsFile-DEBUG-77-overload: 0
2020-11-10 11:19:32,048-matching.py-import_cowsFile-DEBUG-84-文件后缀是: XLSX
2020-11-10 11:19:32,049-matching.py-import_cowsFile-DEBUG-85-当前操作系统是：Windows
2020-11-10 11:19:33,148-matching.py-import_cowsFile-INFO-105-从原始文件中导入数据,原始文件是：C:\Users\runda\OneDrive - RundaTech\PortableApps\PortableApps\VSCode\data\ToolsALTA\Match_files\洪雅_全群明细_20201107.xlsx
2020-11-10 11:19:33,172-matching.py-import_cowsFile-INFO-109-pickle文件已保存：C:\Users\runda\OneDrive - RundaTech\PortableApps\PortableApps\VSCode\data\ToolsALTA\Match_files\洪雅_全群明细_20201107.pickle
2020-11-10 11:19:33,173-matching.py-import_cowsFile-INFO-110-已导入所有列
2020-11-10 11:19:33,174-matching.py-import_cowsFile-INFO-122-开始提取列...
  希望提取的列：['牛号', '月龄', '胎次', '繁殖状态', '泌乳天数', '产后天数', '空怀天数', '配种次数', '奶量1', '奶量2', '牛舍名称', '出生日期', '父亲牛号', '外祖父号', '繁殖代码', '怀孕日期', '产犊日期', '干奶日期', '配种日期', '流产日期', '与配公牛']
2020-11-10 11:19:33,175-matching.py-import_cowsFile-INFO-126-  已提取到列:牛号，文件中是：牛号
2020-11-10 11:19:33,176-matching.py-import_cowsFile-INFO-126-  已提取到列:月龄，文件中是：月龄
2020-11-10 11:19:33,177-matching.py-import_cowsFile-INFO-126-  已提取到列:胎次，文件中是：胎次
2020-11-10 11:19:33,179-matching.py-import_cowsFile-INFO-126-  已提取到列:繁殖状态，文件中是：繁殖状态
2020-11-10 11:19:33,180-matching.py-import_cowsFile-INFO-126-  已提取到列:泌乳天数，文件中是：泌乳天数
2020-11-10 11:19:33,181-matching.py-import_cowsFile-INFO-126-  已提取到列:产后天数，文件中是：产后天数
2020-11-10 11:19:33,182-matching.py-import_cowsFile-INFO-126-  已提取到列:空怀天数，文件中是：空怀天数
2020-11-10 11:19:33,184-matching.py-import_cowsFile-INFO-126-  已提取到列:配种次数，文件中是：配种次数
2020-11-10 11:19:33,185-matching.py-import_cowsFile-INFO-126-  已提取到列:奶量1，文件中是：月龄
2020-11-10 11:19:33,185-matching.py-import_cowsFile-INFO-126-  已提取到列:奶量2，文件中是：月龄
2020-11-10 11:19:33,186-matching.py-import_cowsFile-INFO-126-  已提取到列:牛舍名称，文件中是：牛舍名称
2020-11-10 11:19:33,187-matching.py-import_cowsFile-INFO-126-  已提取到列:出生日期，文件中是：出生日期
2020-11-10 11:19:33,188-matching.py-import_cowsFile-INFO-126-  已提取到列:父亲牛号，文件中是：父亲牛号
2020-11-10 11:19:33,189-matching.py-import_cowsFile-INFO-126-  已提取到列:外祖父号，文件中是：外祖父号
2020-11-10 11:19:33,189-matching.py-import_cowsFile-INFO-136-未提取到列:繁殖代码, 文件中未找到['RC', '注册号']
2020-11-10 11:19:33,190-matching.py-import_cowsFile-INFO-136-未提取到列:怀孕日期, 文件中未找到['怀孕日期', '受孕日期', 'CDAT', '配准日期', '配妊日期']
2020-11-10 11:19:33,191-matching.py-import_cowsFile-INFO-136-未提取到列:产犊日期, 文件中未找到['产犊日期', 'FDAT', '最后分娩日期', '最近产犊日期']
2020-11-10 11:19:33,191-matching.py-import_cowsFile-INFO-136-未提取到列:干奶日期, 文件中未找到['干奶日期', 'DDAT', '最后干奶日期', '最近干奶日期', '停奶日期']
2020-11-10 11:19:33,192-matching.py-import_cowsFile-INFO-126-  已提取到列:配种日期，文件中是：配种日期
2020-11-10 11:19:33,193-matching.py-import_cowsFile-INFO-136-未提取到列:流产日期, 文件中未找到['流产日期', 'ABDAT', '最近流产日期', '末次流产日期']
2020-11-10 11:19:33,193-matching.py-import_cowsFile-INFO-136-未提取到列:与配公牛, 文件中未找到['与配公牛', '配种公牛号', 'LSIR', '最后与配公牛', '精液、胚胎号', '冻精或胚胎编号', '公牛号']
2020-11-10 11:19:33,194-matching.py-import_cowsFile-INFO-138-提取完成。
2020-11-10 11:19:33,217-matching.py-import_cowsFile-DEBUG-145-牛号      float64
月龄      float64
胎次      float64
繁殖状态     object
泌乳天数    float64
产后天数    float64
空怀天数    float64
配种次数    float64
奶量1     float64
奶量2     float64
牛舍名称     object
出生日期     object
父亲牛号     object
外祖父号     object
繁殖代码      int64
怀孕日期      int64
产犊日期      int64
干奶日期      int64
配种日期     object
流产日期      int64
与配公牛      int64
dtype: object
2020-11-10 11:19:33,233-matching.py-import_cowsFile-INFO-150-去除重复耳号及空耳号
2020-11-10 11:19:33,234-matching.py-import_cowsFile-INFO-155-开始处理日期格式...转换日期格式为"【月/日/年】
2020-11-10 11:19:33,234-matching.py-import_cowsFile-INFO-157-  【出生日期】当前格式是：2008-07-17
2020-11-10 11:19:33,240-matching.py-import_cowsFile-INFO-160-    --第1步：转换为日期类型。
2020-11-10 11:19:33,292-matching.py-import_cowsFile-INFO-174-    --出生日期格式处理完成。现在的格式为：【07/17/2008】
2020-11-10 11:19:33,292-matching.py-import_cowsFile-INFO-157-  【怀孕日期】当前格式是：-1
2020-11-10 11:19:33,294-matching.py-import_cowsFile-INFO-160-    --第1步：转换为日期类型。
2020-11-10 11:19:33,343-matching.py-import_cowsFile-INFO-174-    --怀孕日期格式处理完成。现在的格式为：【12/31/1969】
2020-11-10 11:19:33,343-matching.py-import_cowsFile-INFO-157-  【产犊日期】当前格式是：-1
2020-11-10 11:19:33,344-matching.py-import_cowsFile-INFO-160-    --第1步：转换为日期类型。
2020-11-10 11:19:33,393-matching.py-import_cowsFile-INFO-174-    --产犊日期格式处理完成。现在的格式为：【12/31/1969】
2020-11-10 11:19:33,394-matching.py-import_cowsFile-INFO-157-  【干奶日期】当前格式是：-1
2020-11-10 11:19:33,398-matching.py-import_cowsFile-INFO-160-    --第1步：转换为日期类型。
2020-11-10 11:19:33,469-matching.py-import_cowsFile-INFO-174-    --干奶日期格式处理完成。现在的格式为：【12/31/1969】
2020-11-10 11:19:33,469-matching.py-import_cowsFile-INFO-157-  【配种日期】当前格式是：2020-09-11
2020-11-10 11:19:33,475-matching.py-import_cowsFile-INFO-160-    --第1步：转换为日期类型。
2020-11-10 11:19:33,536-matching.py-import_cowsFile-INFO-174-    --配种日期格式处理完成。现在的格式为：【09/11/2020】
2020-11-10 11:19:33,537-matching.py-import_cowsFile-INFO-157-  【流产日期】当前格式是：-1
2020-11-10 11:19:33,538-matching.py-import_cowsFile-INFO-160-    --第1步：转换为日期类型。
2020-11-10 11:19:33,596-matching.py-import_cowsFile-INFO-174-    --流产日期格式处理完成。现在的格式为：【12/31/1969】
2020-11-10 11:19:33,597-matching.py-import_cowsFile-INFO-177-添加配种组列, 默认全为0
2020-11-10 11:19:33,608-matching.py-import_cowsFile-INFO-195-文件中共有牛头数：【6905】
2020-11-10 11:19:33,608-matching.py-import_cowsFile-INFO-196-数据保存中...
2020-11-10 11:19:33,712-matching.py-import_cowsFile-INFO-202-各列数据类型转换中...
2020-11-10 11:19:33,744-matching.py-import_cowsFile-DEBUG-214-牛号       int64
月龄       int64
胎次       int64
繁殖状态    object
泌乳天数     int64
产后天数     int64
空怀天数     int64
配种次数     int64
奶量1      int64
奶量2      int64
牛舍名称    object
出生日期    object
父亲牛号    object
外祖父号    object
繁殖代码     int64
怀孕日期    object
产犊日期    object
干奶日期    object
配种日期    object
流产日期    object
与配公牛     int64
配种组      int32
dtype: object
2020-11-10 11:19:33,747-matching.py-import_cowsFile-INFO-215-第一步执行完成，提取的数据保存在：C:\Users\runda\OneDrive - RundaTech\PortableApps\PortableApps\VSCode\data\ToolsALTA\洪雅_主要信息_20201110.csv

2020-11-10 12:22:08,120-log.py-<module>-DEBUG-19-TEST for logging
2020-11-10 12:22:09,193-matching.py-__init__-DEBUG-44-牛群明细文件的后缀是：XLSX
2020-11-10 12:22:09,195-matching.py-__init__-DEBUG-58-牧场的选配参数为：
  ['草原和牛', '120', '0', '0', '0', '0', '0', '0', '0', 'nothing']
2020-11-10 12:22:09,196-matching.py-import_cowsFile-INFO-75-

开始执行第一步：导入牛群明细:CYHN_全群明细_20201105.xlsx
2020-11-10 12:22:09,196-matching.py-import_cowsFile-DEBUG-77-overload: 0
2020-11-10 12:22:09,196-matching.py-import_cowsFile-DEBUG-83-文件后缀是：XLSX
2020-11-10 12:22:09,196-matching.py-import_cowsFile-DEBUG-85-文件后缀是XLSX。当前操作系统是：Windows
2020-11-10 12:22:10,513-matching.py-import_cowsFile-DEBUG-94-使用xlwings读取牛群明细
2020-11-10 12:22:10,513-matching.py-import_cowsFile-INFO-107-从原始文件中导入数据,原始文件是：C:\Users\runda\OneDrive - RundaTech\PortableApps\PortableApps\VSCode\data\ToolsALTA\Match_files\CYHN_全群明细_20201105.xlsx
2020-11-10 12:22:10,520-matching.py-import_cowsFile-INFO-111-pickle文件已保存：C:\Users\runda\OneDrive - RundaTech\PortableApps\PortableApps\VSCode\data\ToolsALTA\Match_files\CYHN_全群明细_20201105.pickle
2020-11-10 12:22:10,521-matching.py-import_cowsFile-INFO-112-已导入所有列
2020-11-10 12:22:10,523-matching.py-import_cowsFile-INFO-124-开始提取列...
  希望提取的列：['牛号', '月龄', '胎次', '繁殖状态', '泌乳天数', '产后天数', '空怀天数', '配种次数', '奶量1', '奶量2', '牛舍名称', '出生日期', '父亲牛号', '外祖父号', '繁殖代码', '怀孕日期', '产犊日期', '干奶日期', '配种日期', '流产日期', '与配公牛']
2020-11-10 12:22:10,523-matching.py-import_cowsFile-INFO-128-  已提取到列:牛号，文件中是：牛号
2020-11-10 12:22:10,527-matching.py-import_cowsFile-INFO-128-  已提取到列:月龄，文件中是：月龄
2020-11-10 12:22:10,529-matching.py-import_cowsFile-INFO-128-  已提取到列:胎次，文件中是：胎次
2020-11-10 12:22:10,530-matching.py-import_cowsFile-INFO-128-  已提取到列:繁殖状态，文件中是：繁殖状态
2020-11-10 12:22:10,532-matching.py-import_cowsFile-INFO-128-  已提取到列:泌乳天数，文件中是：泌乳天数
2020-11-10 12:22:10,533-matching.py-import_cowsFile-INFO-128-  已提取到列:产后天数，文件中是：产后天数
2020-11-10 12:22:10,535-matching.py-import_cowsFile-INFO-128-  已提取到列:空怀天数，文件中是：空怀天数
2020-11-10 12:22:10,537-matching.py-import_cowsFile-INFO-128-  已提取到列:配种次数，文件中是：配种次数
2020-11-10 12:22:10,539-matching.py-import_cowsFile-INFO-128-  已提取到列:奶量1，文件中是：月龄
2020-11-10 12:22:10,540-matching.py-import_cowsFile-INFO-128-  已提取到列:奶量2，文件中是：月龄
2020-11-10 12:22:10,542-matching.py-import_cowsFile-INFO-128-  已提取到列:牛舍名称，文件中是：牛舍名称
2020-11-10 12:22:10,544-matching.py-import_cowsFile-INFO-128-  已提取到列:出生日期，文件中是：出生日期
2020-11-10 12:22:10,546-matching.py-import_cowsFile-INFO-128-  已提取到列:父亲牛号，文件中是：父亲牛号
2020-11-10 12:22:10,547-matching.py-import_cowsFile-INFO-128-  已提取到列:外祖父号，文件中是：外祖父号
2020-11-10 12:22:10,549-matching.py-import_cowsFile-INFO-138-未提取到列:繁殖代码, 文件中未找到['RC', '注册号']
2020-11-10 12:22:10,551-matching.py-import_cowsFile-INFO-128-  已提取到列:怀孕日期，文件中是：怀孕日期
2020-11-10 12:22:10,552-matching.py-import_cowsFile-INFO-128-  已提取到列:产犊日期，文件中是：产犊日期
2020-11-10 12:22:10,553-matching.py-import_cowsFile-INFO-128-  已提取到列:干奶日期，文件中是：干奶日期
2020-11-10 12:22:10,554-matching.py-import_cowsFile-INFO-128-  已提取到列:配种日期，文件中是：配种日期
2020-11-10 12:22:10,555-matching.py-import_cowsFile-INFO-128-  已提取到列:流产日期，文件中是：流产日期
2020-11-10 12:22:10,556-matching.py-import_cowsFile-INFO-128-  已提取到列:与配公牛，文件中是：与配公牛
2020-11-10 12:22:10,557-matching.py-import_cowsFile-INFO-140-提取完成。
2020-11-10 12:22:10,641-matching.py-import_cowsFile-DEBUG-147-牛号             float64
月龄             float64
胎次             float64
繁殖状态            object
泌乳天数           float64
产后天数           float64
空怀天数           float64
配种次数           float64
奶量1            float64
奶量2            float64
牛舍名称            object
出生日期    datetime64[ns]
父亲牛号            object
外祖父号            object
繁殖代码             int64
怀孕日期            object
产犊日期            object
干奶日期            object
配种日期            object
流产日期            object
与配公牛            object
dtype: object
2020-11-10 12:22:10,650-matching.py-import_cowsFile-INFO-152-去除重复耳号及空耳号
2020-11-10 12:22:10,650-matching.py-import_cowsFile-INFO-157-开始处理日期格式...转换日期格式为"【月/日/年】
2020-11-10 12:22:10,651-matching.py-import_cowsFile-INFO-159-  【出生日期】当前格式是：2020-11-02 00:00:00
2020-11-10 12:22:10,654-matching.py-import_cowsFile-INFO-162-    --第1步：转换为日期类型。
2020-11-10 12:22:10,662-matching.py-import_cowsFile-INFO-176-    --出生日期格式处理完成。现在的格式为：【11/02/2020】
2020-11-10 12:22:10,662-matching.py-import_cowsFile-INFO-159-  【怀孕日期】当前格式是：-1
2020-11-10 12:22:10,672-matching.py-import_cowsFile-DEBUG-166-Traceback (most recent call last):
  File "C:\Anaconda3\lib\site-packages\pandas\core\arrays\datetimes.py", line 1856, in objects_to_datetime64ns
    values, tz_parsed = conversion.datetime_to_datetime64(data)
  File "pandas\_libs\tslibs\conversion.pyx", line 200, in pandas._libs.tslibs.conversion.datetime_to_datetime64
TypeError: Unrecognized value type: <class 'int'>

During handling of the above exception, another exception occurred:

Traceback (most recent call last):
  File "c:\Users\runda\OneDrive - RundaTech\PortableApps\PortableApps\VSCode\data\ToolsALTA\matching.py", line 161, in import_cowsFile
    herds1[i] = pd.to_datetime(herds1[i])
  File "C:\Anaconda3\lib\site-packages\pandas\core\tools\datetimes.py", line 724, in to_datetime
    cache_array = _maybe_cache(arg, format, cache, convert_listlike)
  File "C:\Anaconda3\lib\site-packages\pandas\core\tools\datetimes.py", line 152, in _maybe_cache
    cache_dates = convert_listlike(unique_dates, format)
  File "C:\Anaconda3\lib\site-packages\pandas\core\tools\datetimes.py", line 447, in _convert_listlike_datetimes
    allow_object=True,
  File "C:\Anaconda3\lib\site-packages\pandas\core\arrays\datetimes.py", line 1861, in objects_to_datetime64ns
    raise e
  File "C:\Anaconda3\lib\site-packages\pandas\core\arrays\datetimes.py", line 1852, in objects_to_datetime64ns
    require_iso8601=require_iso8601,
  File "pandas\_libs\tslib.pyx", line 481, in pandas._libs.tslib.array_to_datetime
  File "pandas\_libs\tslib.pyx", line 717, in pandas._libs.tslib.array_to_datetime
ValueError: mixed datetimes and integers in passed array

2020-11-10 12:22:10,681-matching.py-import_cowsFile-INFO-176-    --怀孕日期格式处理完成。现在的格式为：【01/01/1970】
2020-11-10 12:22:10,681-matching.py-import_cowsFile-INFO-159-  【产犊日期】当前格式是：-1
2020-11-10 12:22:10,687-matching.py-import_cowsFile-DEBUG-166-Traceback (most recent call last):
  File "C:\Anaconda3\lib\site-packages\pandas\core\arrays\datetimes.py", line 1856, in objects_to_datetime64ns
    values, tz_parsed = conversion.datetime_to_datetime64(data)
  File "pandas\_libs\tslibs\conversion.pyx", line 200, in pandas._libs.tslibs.conversion.datetime_to_datetime64
TypeError: Unrecognized value type: <class 'int'>

During handling of the above exception, another exception occurred:

Traceback (most recent call last):
  File "c:\Users\runda\OneDrive - RundaTech\PortableApps\PortableApps\VSCode\data\ToolsALTA\matching.py", line 161, in import_cowsFile
    herds1[i] = pd.to_datetime(herds1[i])
  File "C:\Anaconda3\lib\site-packages\pandas\core\tools\datetimes.py", line 724, in to_datetime
    cache_array = _maybe_cache(arg, format, cache, convert_listlike)
  File "C:\Anaconda3\lib\site-packages\pandas\core\tools\datetimes.py", line 152, in _maybe_cache
    cache_dates = convert_listlike(unique_dates, format)
  File "C:\Anaconda3\lib\site-packages\pandas\core\tools\datetimes.py", line 447, in _convert_listlike_datetimes
    allow_object=True,
  File "C:\Anaconda3\lib\site-packages\pandas\core\arrays\datetimes.py", line 1861, in objects_to_datetime64ns
    raise e
  File "C:\Anaconda3\lib\site-packages\pandas\core\arrays\datetimes.py", line 1852, in objects_to_datetime64ns
    require_iso8601=require_iso8601,
  File "pandas\_libs\tslib.pyx", line 481, in pandas._libs.tslib.array_to_datetime
  File "pandas\_libs\tslib.pyx", line 717, in pandas._libs.tslib.array_to_datetime
ValueError: mixed datetimes and integers in passed array

2020-11-10 12:22:10,696-matching.py-import_cowsFile-INFO-176-    --产犊日期格式处理完成。现在的格式为：【01/01/1970】
2020-11-10 12:22:10,697-matching.py-import_cowsFile-INFO-159-  【干奶日期】当前格式是：-1
2020-11-10 12:22:10,703-matching.py-import_cowsFile-DEBUG-166-Traceback (most recent call last):
  File "C:\Anaconda3\lib\site-packages\pandas\core\arrays\datetimes.py", line 1856, in objects_to_datetime64ns
    values, tz_parsed = conversion.datetime_to_datetime64(data)
  File "pandas\_libs\tslibs\conversion.pyx", line 200, in pandas._libs.tslibs.conversion.datetime_to_datetime64
TypeError: Unrecognized value type: <class 'int'>

During handling of the above exception, another exception occurred:

Traceback (most recent call last):
  File "c:\Users\runda\OneDrive - RundaTech\PortableApps\PortableApps\VSCode\data\ToolsALTA\matching.py", line 161, in import_cowsFile
    herds1[i] = pd.to_datetime(herds1[i])
  File "C:\Anaconda3\lib\site-packages\pandas\core\tools\datetimes.py", line 724, in to_datetime
    cache_array = _maybe_cache(arg, format, cache, convert_listlike)
  File "C:\Anaconda3\lib\site-packages\pandas\core\tools\datetimes.py", line 152, in _maybe_cache
    cache_dates = convert_listlike(unique_dates, format)
  File "C:\Anaconda3\lib\site-packages\pandas\core\tools\datetimes.py", line 447, in _convert_listlike_datetimes
    allow_object=True,
  File "C:\Anaconda3\lib\site-packages\pandas\core\arrays\datetimes.py", line 1861, in objects_to_datetime64ns
    raise e
  File "C:\Anaconda3\lib\site-packages\pandas\core\arrays\datetimes.py", line 1852, in objects_to_datetime64ns
    require_iso8601=require_iso8601,
  File "pandas\_libs\tslib.pyx", line 481, in pandas._libs.tslib.array_to_datetime
  File "pandas\_libs\tslib.pyx", line 717, in pandas._libs.tslib.array_to_datetime
ValueError: mixed datetimes and integers in passed array

2020-11-10 12:22:10,712-matching.py-import_cowsFile-INFO-176-    --干奶日期格式处理完成。现在的格式为：【01/01/1970】
2020-11-10 12:22:10,712-matching.py-import_cowsFile-INFO-159-  【配种日期】当前格式是：-1
2020-11-10 12:22:10,718-matching.py-import_cowsFile-DEBUG-166-Traceback (most recent call last):
  File "C:\Anaconda3\lib\site-packages\pandas\core\arrays\datetimes.py", line 1856, in objects_to_datetime64ns
    values, tz_parsed = conversion.datetime_to_datetime64(data)
  File "pandas\_libs\tslibs\conversion.pyx", line 200, in pandas._libs.tslibs.conversion.datetime_to_datetime64
TypeError: Unrecognized value type: <class 'int'>

During handling of the above exception, another exception occurred:

Traceback (most recent call last):
  File "c:\Users\runda\OneDrive - RundaTech\PortableApps\PortableApps\VSCode\data\ToolsALTA\matching.py", line 161, in import_cowsFile
    herds1[i] = pd.to_datetime(herds1[i])
  File "C:\Anaconda3\lib\site-packages\pandas\core\tools\datetimes.py", line 724, in to_datetime
    cache_array = _maybe_cache(arg, format, cache, convert_listlike)
  File "C:\Anaconda3\lib\site-packages\pandas\core\tools\datetimes.py", line 152, in _maybe_cache
    cache_dates = convert_listlike(unique_dates, format)
  File "C:\Anaconda3\lib\site-packages\pandas\core\tools\datetimes.py", line 447, in _convert_listlike_datetimes
    allow_object=True,
  File "C:\Anaconda3\lib\site-packages\pandas\core\arrays\datetimes.py", line 1861, in objects_to_datetime64ns
    raise e
  File "C:\Anaconda3\lib\site-packages\pandas\core\arrays\datetimes.py", line 1852, in objects_to_datetime64ns
    require_iso8601=require_iso8601,
  File "pandas\_libs\tslib.pyx", line 481, in pandas._libs.tslib.array_to_datetime
  File "pandas\_libs\tslib.pyx", line 717, in pandas._libs.tslib.array_to_datetime
ValueError: mixed datetimes and integers in passed array

2020-11-10 12:22:10,727-matching.py-import_cowsFile-INFO-176-    --配种日期格式处理完成。现在的格式为：【01/01/1970】
2020-11-10 12:22:10,728-matching.py-import_cowsFile-INFO-159-  【流产日期】当前格式是：-1
2020-11-10 12:22:10,733-matching.py-import_cowsFile-DEBUG-166-Traceback (most recent call last):
  File "C:\Anaconda3\lib\site-packages\pandas\core\arrays\datetimes.py", line 1856, in objects_to_datetime64ns
    values, tz_parsed = conversion.datetime_to_datetime64(data)
  File "pandas\_libs\tslibs\conversion.pyx", line 200, in pandas._libs.tslibs.conversion.datetime_to_datetime64
TypeError: Unrecognized value type: <class 'int'>

During handling of the above exception, another exception occurred:

Traceback (most recent call last):
  File "c:\Users\runda\OneDrive - RundaTech\PortableApps\PortableApps\VSCode\data\ToolsALTA\matching.py", line 161, in import_cowsFile
    herds1[i] = pd.to_datetime(herds1[i])
  File "C:\Anaconda3\lib\site-packages\pandas\core\tools\datetimes.py", line 724, in to_datetime
    cache_array = _maybe_cache(arg, format, cache, convert_listlike)
  File "C:\Anaconda3\lib\site-packages\pandas\core\tools\datetimes.py", line 152, in _maybe_cache
    cache_dates = convert_listlike(unique_dates, format)
  File "C:\Anaconda3\lib\site-packages\pandas\core\tools\datetimes.py", line 447, in _convert_listlike_datetimes
    allow_object=True,
  File "C:\Anaconda3\lib\site-packages\pandas\core\arrays\datetimes.py", line 1861, in objects_to_datetime64ns
    raise e
  File "C:\Anaconda3\lib\site-packages\pandas\core\arrays\datetimes.py", line 1852, in objects_to_datetime64ns
    require_iso8601=require_iso8601,
  File "pandas\_libs\tslib.pyx", line 481, in pandas._libs.tslib.array_to_datetime
  File "pandas\_libs\tslib.pyx", line 717, in pandas._libs.tslib.array_to_datetime
ValueError: mixed datetimes and integers in passed array

2020-11-10 12:22:10,743-matching.py-import_cowsFile-INFO-176-    --流产日期格式处理完成。现在的格式为：【01/01/1970】
2020-11-10 12:22:10,743-matching.py-import_cowsFile-INFO-179-添加配种组列, 默认全为0
2020-11-10 12:22:10,747-matching.py-import_cowsFile-INFO-197-文件中共有牛头数：【1066】
2020-11-10 12:22:10,748-matching.py-import_cowsFile-INFO-198-数据保存中...
2020-11-10 12:22:10,769-matching.py-import_cowsFile-INFO-204-各列数据类型转换中...
2020-11-10 12:22:10,776-matching.py-import_cowsFile-DEBUG-216-牛号       int64
月龄       int64
胎次       int64
繁殖状态    object
泌乳天数     int64
产后天数     int64
空怀天数     int64
配种次数     int64
奶量1      int64
奶量2      int64
牛舍名称    object
出生日期    object
父亲牛号    object
外祖父号    object
繁殖代码     int64
怀孕日期    object
产犊日期    object
干奶日期    object
配种日期    object
流产日期    object
与配公牛    object
配种组      int32
dtype: object
2020-11-10 12:22:10,778-matching.py-import_cowsFile-INFO-217-第一步执行完成，提取的数据保存在：C:\Users\runda\OneDrive - RundaTech\PortableApps\PortableApps\VSCode\data\ToolsALTA\草原和牛_主要信息_20201110.csv

2020-11-10 14:17:42,029-log.py-<module>-DEBUG-19-TEST for logging
2020-11-10 14:17:44,305-matching.py-__init__-DEBUG-44-牛群明细文件的后缀是：XLSX
2020-11-10 14:17:44,307-matching.py-__init__-DEBUG-58-牧场的选配参数为：
  ['草原和牛', '120', '0', '0', '0', '0', '0', '0', '0', 'nothing']
2020-11-10 14:17:44,308-matching.py-import_cowsFile-INFO-75-

开始执行第一步：导入牛群明细:CYHN_全群明细_20201105.xlsx
2020-11-10 14:17:44,308-matching.py-import_cowsFile-DEBUG-77-overload: 0
2020-11-10 14:17:44,313-matching.py-import_cowsFile-INFO-81-读取已存在的pickle文件:C:\Users\runda\OneDrive - RundaTech\PortableApps\PortableApps\VSCode\data\ToolsALTA\Match_files\CYHN_全群明细_20201105.pickle
2020-11-10 14:17:44,313-matching.py-import_cowsFile-INFO-112-已导入所有列
2020-11-10 14:17:44,314-matching.py-import_cowsFile-INFO-124-开始提取列...
  希望提取的列：['牛号', '月龄', '胎次', '繁殖状态', '泌乳天数', '产后天数', '空怀天数', '配种次数', '奶量1', '奶量2', '牛舍名称', '出生日期', '父亲牛号', '外祖父号', '繁殖代码', '怀孕日期', '产犊日期', '干奶日期', '配种日期', '流产日期', '与配公牛']
2020-11-10 14:17:44,315-matching.py-import_cowsFile-INFO-128-  已提取到列:牛号，文件中是：牛号
2020-11-10 14:17:44,317-matching.py-import_cowsFile-INFO-128-  已提取到列:月龄，文件中是：月龄
2020-11-10 14:17:44,317-matching.py-import_cowsFile-INFO-128-  已提取到列:胎次，文件中是：胎次
2020-11-10 14:17:44,318-matching.py-import_cowsFile-INFO-128-  已提取到列:繁殖状态，文件中是：繁殖状态
2020-11-10 14:17:44,319-matching.py-import_cowsFile-INFO-128-  已提取到列:泌乳天数，文件中是：泌乳天数
2020-11-10 14:17:44,319-matching.py-import_cowsFile-INFO-128-  已提取到列:产后天数，文件中是：产后天数
2020-11-10 14:17:44,320-matching.py-import_cowsFile-INFO-128-  已提取到列:空怀天数，文件中是：空怀天数
2020-11-10 14:17:44,321-matching.py-import_cowsFile-INFO-128-  已提取到列:配种次数，文件中是：配种次数
2020-11-10 14:17:44,323-matching.py-import_cowsFile-INFO-128-  已提取到列:奶量1，文件中是：月龄
2020-11-10 14:17:44,323-matching.py-import_cowsFile-INFO-128-  已提取到列:奶量2，文件中是：月龄
2020-11-10 14:17:44,324-matching.py-import_cowsFile-INFO-128-  已提取到列:牛舍名称，文件中是：牛舍名称
2020-11-10 14:17:44,325-matching.py-import_cowsFile-INFO-128-  已提取到列:出生日期，文件中是：出生日期
2020-11-10 14:17:44,326-matching.py-import_cowsFile-INFO-128-  已提取到列:父亲牛号，文件中是：父亲牛号
2020-11-10 14:17:44,327-matching.py-import_cowsFile-INFO-128-  已提取到列:外祖父号，文件中是：外祖父号
2020-11-10 14:17:44,328-matching.py-import_cowsFile-INFO-138-未提取到列:繁殖代码, 文件中未找到['RC', '注册号']
2020-11-10 14:17:44,328-matching.py-import_cowsFile-INFO-128-  已提取到列:怀孕日期，文件中是：怀孕日期
2020-11-10 14:17:44,329-matching.py-import_cowsFile-INFO-128-  已提取到列:产犊日期，文件中是：产犊日期
2020-11-10 14:17:44,330-matching.py-import_cowsFile-INFO-128-  已提取到列:干奶日期，文件中是：干奶日期
2020-11-10 14:17:44,331-matching.py-import_cowsFile-INFO-128-  已提取到列:配种日期，文件中是：配种日期
2020-11-10 14:17:44,331-matching.py-import_cowsFile-INFO-128-  已提取到列:流产日期，文件中是：流产日期
2020-11-10 14:17:44,332-matching.py-import_cowsFile-INFO-128-  已提取到列:与配公牛，文件中是：与配公牛
2020-11-10 14:17:44,333-matching.py-import_cowsFile-INFO-140-提取完成。
2020-11-10 14:17:44,425-matching.py-import_cowsFile-DEBUG-147-牛号             float64
月龄             float64
胎次             float64
繁殖状态            object
泌乳天数           float64
产后天数           float64
空怀天数           float64
配种次数           float64
奶量1            float64
奶量2            float64
牛舍名称            object
出生日期    datetime64[ns]
父亲牛号            object
外祖父号            object
繁殖代码             int64
怀孕日期            object
产犊日期            object
干奶日期            object
配种日期            object
流产日期            object
与配公牛            object
dtype: object
2020-11-10 14:17:44,436-matching.py-import_cowsFile-INFO-152-去除重复耳号及空耳号
2020-11-10 14:17:44,436-matching.py-import_cowsFile-INFO-157-开始处理日期格式...转换日期格式为"【月/日/年】
2020-11-10 14:17:44,439-matching.py-import_cowsFile-INFO-160-  【出生日期】当前格式是：2020-11-02 00:00:00
2020-11-10 14:17:44,441-matching.py-import_cowsFile-INFO-163-    --第1步：转换为日期类型。
2020-11-10 14:17:44,451-matching.py-import_cowsFile-INFO-177-    --出生日期格式处理完成。现在的格式为：【11/02/2020】
2020-11-10 14:17:44,452-matching.py-import_cowsFile-INFO-160-  【怀孕日期】当前格式是：1970-01-01 00:00:00
2020-11-10 14:17:44,454-matching.py-import_cowsFile-INFO-163-    --第1步：转换为日期类型。
2020-11-10 14:17:44,463-matching.py-import_cowsFile-INFO-177-    --怀孕日期格式处理完成。现在的格式为：【01/01/1970】
2020-11-10 14:17:44,467-matching.py-import_cowsFile-INFO-160-  【产犊日期】当前格式是：1970-01-01 00:00:00
2020-11-10 14:17:44,469-matching.py-import_cowsFile-INFO-163-    --第1步：转换为日期类型。
2020-11-10 14:17:44,478-matching.py-import_cowsFile-INFO-177-    --产犊日期格式处理完成。现在的格式为：【01/01/1970】
2020-11-10 14:17:44,479-matching.py-import_cowsFile-INFO-160-  【干奶日期】当前格式是：1970-01-01 00:00:00
2020-11-10 14:17:44,481-matching.py-import_cowsFile-INFO-163-    --第1步：转换为日期类型。
2020-11-10 14:17:44,490-matching.py-import_cowsFile-INFO-177-    --干奶日期格式处理完成。现在的格式为：【01/01/1970】
2020-11-10 14:17:44,491-matching.py-import_cowsFile-INFO-160-  【配种日期】当前格式是：1970-01-01 00:00:00
2020-11-10 14:17:44,493-matching.py-import_cowsFile-INFO-163-    --第1步：转换为日期类型。
2020-11-10 14:17:44,513-matching.py-import_cowsFile-INFO-177-    --配种日期格式处理完成。现在的格式为：【01/01/1970】
2020-11-10 14:17:44,517-matching.py-import_cowsFile-INFO-160-  【流产日期】当前格式是：1970-01-01 00:00:00
2020-11-10 14:17:44,523-matching.py-import_cowsFile-INFO-163-    --第1步：转换为日期类型。
2020-11-10 14:17:44,534-matching.py-import_cowsFile-INFO-177-    --流产日期格式处理完成。现在的格式为：【01/01/1970】
2020-11-10 14:17:44,535-matching.py-import_cowsFile-INFO-180-添加配种组列, 默认全为0
2020-11-10 14:17:44,544-matching.py-import_cowsFile-INFO-198-文件中共有牛头数：【1066】
2020-11-10 14:17:44,544-matching.py-import_cowsFile-INFO-199-数据保存中...
2020-11-10 14:17:44,565-matching.py-import_cowsFile-INFO-205-各列数据类型转换中...
2020-11-10 14:17:44,573-matching.py-import_cowsFile-DEBUG-217-牛号       int64
月龄       int64
胎次       int64
繁殖状态    object
泌乳天数     int64
产后天数     int64
空怀天数     int64
配种次数     int64
奶量1      int64
奶量2      int64
牛舍名称    object
出生日期    object
父亲牛号    object
外祖父号    object
繁殖代码     int64
怀孕日期    object
产犊日期    object
干奶日期    object
配种日期    object
流产日期    object
与配公牛    object
配种组      int32
dtype: object
2020-11-10 14:17:44,576-matching.py-import_cowsFile-INFO-218-第一步执行完成，提取的数据保存在：C:\Users\runda\OneDrive - RundaTech\PortableApps\PortableApps\VSCode\data\ToolsALTA\草原和牛_主要信息_20201110.csv

2020-11-10 14:30:40,412-log.py-<module>-DEBUG-19-TEST for logging
2020-11-10 14:30:41,049-matching.py-__init__-DEBUG-44-牛群明细文件的后缀是：XLSX
2020-11-10 14:30:41,050-matching.py-__init__-DEBUG-58-牧场的选配参数为：
  ['草原和牛', '120', '0', '0', '0', '0', '0', '0', '0', 'nothing']
2020-11-10 14:30:41,051-matching.py-import_cowsFile-INFO-75-

开始执行第一步：导入牛群明细:CYHN_全群明细_20201105.xlsx
2020-11-10 14:30:41,051-matching.py-import_cowsFile-DEBUG-77-overload: 0
2020-11-10 14:30:41,054-matching.py-import_cowsFile-INFO-81-读取已存在的pickle文件:C:\Users\runda\OneDrive - RundaTech\PortableApps\PortableApps\VSCode\data\ToolsALTA\Match_files\CYHN_全群明细_20201105.pickle
2020-11-10 14:30:41,054-matching.py-import_cowsFile-INFO-112-已导入所有列
2020-11-10 14:30:41,056-matching.py-import_cowsFile-INFO-124-开始提取列...
  希望提取的列：['牛号', '月龄', '胎次', '繁殖状态', '泌乳天数', '产后天数', '空怀天数', '配种次数', '奶量1', '奶量2', '牛舍名称', '出生日期', '父亲牛号', '外祖父号', '繁殖代码', '怀孕日期', '产犊日期', '干奶日期', '配种日期', '流产日期', '与配公牛']
2020-11-10 14:30:41,056-matching.py-import_cowsFile-INFO-128-  已提取到列:牛号，文件中是：牛号
2020-11-10 14:30:41,057-matching.py-import_cowsFile-INFO-128-  已提取到列:月龄，文件中是：月龄
2020-11-10 14:30:41,058-matching.py-import_cowsFile-INFO-128-  已提取到列:胎次，文件中是：胎次
2020-11-10 14:30:41,058-matching.py-import_cowsFile-INFO-128-  已提取到列:繁殖状态，文件中是：繁殖状态
2020-11-10 14:30:41,060-matching.py-import_cowsFile-INFO-128-  已提取到列:泌乳天数，文件中是：泌乳天数
2020-11-10 14:30:41,060-matching.py-import_cowsFile-INFO-128-  已提取到列:产后天数，文件中是：产后天数
2020-11-10 14:30:41,061-matching.py-import_cowsFile-INFO-128-  已提取到列:空怀天数，文件中是：空怀天数
2020-11-10 14:30:41,062-matching.py-import_cowsFile-INFO-128-  已提取到列:配种次数，文件中是：配种次数
2020-11-10 14:30:41,062-matching.py-import_cowsFile-INFO-128-  已提取到列:奶量1，文件中是：月龄
2020-11-10 14:30:41,063-matching.py-import_cowsFile-INFO-128-  已提取到列:奶量2，文件中是：月龄
2020-11-10 14:30:41,063-matching.py-import_cowsFile-INFO-128-  已提取到列:牛舍名称，文件中是：牛舍名称
2020-11-10 14:30:41,064-matching.py-import_cowsFile-INFO-128-  已提取到列:出生日期，文件中是：出生日期
2020-11-10 14:30:41,065-matching.py-import_cowsFile-INFO-128-  已提取到列:父亲牛号，文件中是：父亲牛号
2020-11-10 14:30:41,065-matching.py-import_cowsFile-INFO-128-  已提取到列:外祖父号，文件中是：外祖父号
2020-11-10 14:30:41,066-matching.py-import_cowsFile-INFO-138-未提取到列:繁殖代码, 文件中未找到['RC', '注册号']
2020-11-10 14:30:41,066-matching.py-import_cowsFile-INFO-128-  已提取到列:怀孕日期，文件中是：怀孕日期
2020-11-10 14:30:41,067-matching.py-import_cowsFile-INFO-128-  已提取到列:产犊日期，文件中是：产犊日期
2020-11-10 14:30:41,068-matching.py-import_cowsFile-INFO-128-  已提取到列:干奶日期，文件中是：干奶日期
2020-11-10 14:30:41,069-matching.py-import_cowsFile-INFO-128-  已提取到列:配种日期，文件中是：配种日期
2020-11-10 14:30:41,069-matching.py-import_cowsFile-INFO-128-  已提取到列:流产日期，文件中是：流产日期
2020-11-10 14:30:41,070-matching.py-import_cowsFile-INFO-128-  已提取到列:与配公牛，文件中是：与配公牛
2020-11-10 14:30:41,071-matching.py-import_cowsFile-INFO-140-提取完成。
2020-11-10 14:30:41,132-matching.py-import_cowsFile-DEBUG-147-牛号             float64
月龄             float64
胎次             float64
繁殖状态            object
泌乳天数           float64
产后天数           float64
空怀天数           float64
配种次数           float64
奶量1            float64
奶量2            float64
牛舍名称            object
出生日期    datetime64[ns]
父亲牛号            object
外祖父号            object
繁殖代码             int64
怀孕日期            object
产犊日期            object
干奶日期            object
配种日期            object
流产日期            object
与配公牛            object
dtype: object
2020-11-10 14:30:41,140-matching.py-import_cowsFile-INFO-152-去除重复耳号记录有：1066条
2020-11-10 14:30:41,143-matching.py-import_cowsFile-INFO-161-开始处理日期格式...转换日期格式为"【月/日/年】
2020-11-10 14:30:41,143-matching.py-import_cowsFile-INFO-164-  【出生日期】当前格式是：2020-11-02 00:00:00
2020-11-10 14:30:41,145-matching.py-import_cowsFile-INFO-167-    --第1步：转换为日期类型。
2020-11-10 14:30:41,152-matching.py-import_cowsFile-INFO-181-    --出生日期格式处理完成。现在的格式为：【11/02/2020】
2020-11-10 14:30:41,154-matching.py-import_cowsFile-INFO-164-  【怀孕日期】当前格式是：1970-01-01 00:00:00
2020-11-10 14:30:41,156-matching.py-import_cowsFile-INFO-167-    --第1步：转换为日期类型。
2020-11-10 14:30:41,167-matching.py-import_cowsFile-INFO-181-    --怀孕日期格式处理完成。现在的格式为：【01/01/1970】
2020-11-10 14:30:41,169-matching.py-import_cowsFile-INFO-164-  【产犊日期】当前格式是：1970-01-01 00:00:00
2020-11-10 14:30:41,170-matching.py-import_cowsFile-INFO-167-    --第1步：转换为日期类型。
2020-11-10 14:30:41,180-matching.py-import_cowsFile-INFO-181-    --产犊日期格式处理完成。现在的格式为：【01/01/1970】
2020-11-10 14:30:41,182-matching.py-import_cowsFile-INFO-164-  【干奶日期】当前格式是：1970-01-01 00:00:00
2020-11-10 14:30:41,184-matching.py-import_cowsFile-INFO-167-    --第1步：转换为日期类型。
2020-11-10 14:30:41,194-matching.py-import_cowsFile-INFO-181-    --干奶日期格式处理完成。现在的格式为：【01/01/1970】
2020-11-10 14:30:41,195-matching.py-import_cowsFile-INFO-164-  【配种日期】当前格式是：1970-01-01 00:00:00
2020-11-10 14:30:41,197-matching.py-import_cowsFile-INFO-167-    --第1步：转换为日期类型。
2020-11-10 14:30:41,205-matching.py-import_cowsFile-INFO-181-    --配种日期格式处理完成。现在的格式为：【01/01/1970】
2020-11-10 14:30:41,207-matching.py-import_cowsFile-INFO-164-  【流产日期】当前格式是：1970-01-01 00:00:00
2020-11-10 14:30:41,209-matching.py-import_cowsFile-INFO-167-    --第1步：转换为日期类型。
2020-11-10 14:30:41,216-matching.py-import_cowsFile-INFO-181-    --流产日期格式处理完成。现在的格式为：【01/01/1970】
2020-11-10 14:30:41,216-matching.py-import_cowsFile-DEBUG-182-牛号      float64
月龄      float64
胎次      float64
繁殖状态     object
泌乳天数    float64
产后天数    float64
空怀天数    float64
配种次数    float64
奶量1     float64
奶量2     float64
牛舍名称     object
出生日期     object
父亲牛号     object
外祖父号     object
繁殖代码      int64
怀孕日期     object
产犊日期     object
干奶日期     object
配种日期     object
流产日期     object
与配公牛     object
dtype: object
2020-11-10 14:30:41,219-matching.py-import_cowsFile-INFO-185-添加配种组列, 默认全为0
2020-11-10 14:30:41,224-matching.py-import_cowsFile-INFO-203-文件中共有牛头数：【1066】
2020-11-10 14:30:41,224-matching.py-import_cowsFile-INFO-204-数据保存中...
2020-11-10 14:30:41,244-matching.py-import_cowsFile-INFO-210-各列数据类型转换中...
2020-11-10 14:30:41,252-matching.py-import_cowsFile-DEBUG-222-牛号       int64
月龄       int64
胎次       int64
繁殖状态    object
泌乳天数     int64
产后天数     int64
空怀天数     int64
配种次数     int64
奶量1      int64
奶量2      int64
牛舍名称    object
出生日期    object
父亲牛号    object
外祖父号    object
繁殖代码     int64
怀孕日期    object
产犊日期    object
干奶日期    object
配种日期    object
流产日期    object
与配公牛    object
配种组      int32
dtype: object
2020-11-10 14:30:41,255-matching.py-import_cowsFile-INFO-223-第一步执行完成，提取的数据保存在：C:\Users\runda\OneDrive - RundaTech\PortableApps\PortableApps\VSCode\data\ToolsALTA\草原和牛_主要信息_20201110.csv

2020-11-10 14:30:54,641-log.py-<module>-DEBUG-19-TEST for logging
2020-11-10 14:30:55,267-matching.py-__init__-DEBUG-44-牛群明细文件的后缀是：XLSX
2020-11-10 14:30:55,268-matching.py-__init__-DEBUG-58-牧场的选配参数为：
  ['草原和牛', '120', '0', '0', '0', '0', '0', '0', '0', 'nothing']
2020-11-10 14:30:55,269-matching.py-import_cowsFile-INFO-75-

开始执行第一步：导入牛群明细:CYHN_全群明细_20201105.xlsx
2020-11-10 14:30:55,269-matching.py-import_cowsFile-DEBUG-77-overload: 1
2020-11-10 14:30:55,269-matching.py-import_cowsFile-DEBUG-83-文件后缀是：XLSX
2020-11-10 14:30:55,271-matching.py-import_cowsFile-DEBUG-85-文件后缀是XLSX。当前操作系统是：Windows
2020-11-10 14:30:57,066-matching.py-import_cowsFile-DEBUG-94-使用xlwings读取牛群明细
2020-11-10 14:30:57,067-matching.py-import_cowsFile-INFO-107-从原始文件中导入数据,原始文件是：C:\Users\runda\OneDrive - RundaTech\PortableApps\PortableApps\VSCode\data\ToolsALTA\Match_files\CYHN_全群明细_20201105.xlsx
2020-11-10 14:30:57,073-matching.py-import_cowsFile-INFO-111-pickle文件已保存：C:\Users\runda\OneDrive - RundaTech\PortableApps\PortableApps\VSCode\data\ToolsALTA\Match_files\CYHN_全群明细_20201105.pickle
2020-11-10 14:30:57,074-matching.py-import_cowsFile-INFO-112-已导入所有列
2020-11-10 14:30:57,075-matching.py-import_cowsFile-INFO-124-开始提取列...
  希望提取的列：['牛号', '月龄', '胎次', '繁殖状态', '泌乳天数', '产后天数', '空怀天数', '配种次数', '奶量1', '奶量2', '牛舍名称', '出生日期', '父亲牛号', '外祖父号', '繁殖代码', '怀孕日期', '产犊日期', '干奶日期', '配种日期', '流产日期', '与配公牛']
2020-11-10 14:30:57,077-matching.py-import_cowsFile-INFO-128-  已提取到列:牛号，文件中是：牛号
2020-11-10 14:30:57,079-matching.py-import_cowsFile-INFO-128-  已提取到列:月龄，文件中是：月龄
2020-11-10 14:30:57,080-matching.py-import_cowsFile-INFO-128-  已提取到列:胎次，文件中是：胎次
2020-11-10 14:30:57,081-matching.py-import_cowsFile-INFO-128-  已提取到列:繁殖状态，文件中是：繁殖状态
2020-11-10 14:30:57,082-matching.py-import_cowsFile-INFO-128-  已提取到列:泌乳天数，文件中是：泌乳天数
2020-11-10 14:30:57,083-matching.py-import_cowsFile-INFO-128-  已提取到列:产后天数，文件中是：产后天数
2020-11-10 14:30:57,084-matching.py-import_cowsFile-INFO-128-  已提取到列:空怀天数，文件中是：空怀天数
2020-11-10 14:30:57,085-matching.py-import_cowsFile-INFO-128-  已提取到列:配种次数，文件中是：配种次数
2020-11-10 14:30:57,086-matching.py-import_cowsFile-INFO-128-  已提取到列:奶量1，文件中是：月龄
2020-11-10 14:30:57,087-matching.py-import_cowsFile-INFO-128-  已提取到列:奶量2，文件中是：月龄
2020-11-10 14:30:57,087-matching.py-import_cowsFile-INFO-128-  已提取到列:牛舍名称，文件中是：牛舍名称
2020-11-10 14:30:57,089-matching.py-import_cowsFile-INFO-128-  已提取到列:出生日期，文件中是：出生日期
2020-11-10 14:30:57,091-matching.py-import_cowsFile-INFO-128-  已提取到列:父亲牛号，文件中是：父亲牛号
2020-11-10 14:30:57,092-matching.py-import_cowsFile-INFO-128-  已提取到列:外祖父号，文件中是：外祖父号
2020-11-10 14:30:57,093-matching.py-import_cowsFile-INFO-138-未提取到列:繁殖代码, 文件中未找到['RC', '注册号']
2020-11-10 14:30:57,093-matching.py-import_cowsFile-INFO-128-  已提取到列:怀孕日期，文件中是：怀孕日期
2020-11-10 14:30:57,095-matching.py-import_cowsFile-INFO-128-  已提取到列:产犊日期，文件中是：产犊日期
2020-11-10 14:30:57,097-matching.py-import_cowsFile-INFO-128-  已提取到列:干奶日期，文件中是：干奶日期
2020-11-10 14:30:57,099-matching.py-import_cowsFile-INFO-128-  已提取到列:配种日期，文件中是：配种日期
2020-11-10 14:30:57,100-matching.py-import_cowsFile-INFO-128-  已提取到列:流产日期，文件中是：流产日期
2020-11-10 14:30:57,102-matching.py-import_cowsFile-INFO-128-  已提取到列:与配公牛，文件中是：与配公牛
2020-11-10 14:30:57,104-matching.py-import_cowsFile-INFO-140-提取完成。
2020-11-10 14:30:57,200-matching.py-import_cowsFile-DEBUG-147-牛号             float64
月龄             float64
胎次             float64
繁殖状态            object
泌乳天数           float64
产后天数           float64
空怀天数           float64
配种次数           float64
奶量1            float64
奶量2            float64
牛舍名称            object
出生日期    datetime64[ns]
父亲牛号            object
外祖父号            object
繁殖代码             int64
怀孕日期            object
产犊日期            object
干奶日期            object
配种日期            object
流产日期            object
与配公牛            object
dtype: object
2020-11-10 14:30:57,211-matching.py-import_cowsFile-INFO-152-去除重复耳号记录有：1066条
2020-11-10 14:30:57,214-matching.py-import_cowsFile-INFO-161-开始处理日期格式...转换日期格式为"【月/日/年】
2020-11-10 14:30:57,215-matching.py-import_cowsFile-INFO-164-  【出生日期】当前格式是：2020-11-02 00:00:00
2020-11-10 14:30:57,217-matching.py-import_cowsFile-INFO-167-    --第1步：转换为日期类型。
2020-11-10 14:30:57,229-matching.py-import_cowsFile-INFO-181-    --出生日期格式处理完成。现在的格式为：【11/02/2020】
2020-11-10 14:30:57,231-matching.py-import_cowsFile-INFO-164-  【怀孕日期】当前格式是：1970-01-01 00:00:00
2020-11-10 14:30:57,234-matching.py-import_cowsFile-INFO-167-    --第1步：转换为日期类型。
2020-11-10 14:30:57,249-matching.py-import_cowsFile-INFO-181-    --怀孕日期格式处理完成。现在的格式为：【01/01/1970】
2020-11-10 14:30:57,252-matching.py-import_cowsFile-INFO-164-  【产犊日期】当前格式是：1970-01-01 00:00:00
2020-11-10 14:30:57,258-matching.py-import_cowsFile-INFO-167-    --第1步：转换为日期类型。
2020-11-10 14:30:57,278-matching.py-import_cowsFile-INFO-181-    --产犊日期格式处理完成。现在的格式为：【01/01/1970】
2020-11-10 14:30:57,280-matching.py-import_cowsFile-INFO-164-  【干奶日期】当前格式是：1970-01-01 00:00:00
2020-11-10 14:30:57,283-matching.py-import_cowsFile-INFO-167-    --第1步：转换为日期类型。
2020-11-10 14:30:57,307-matching.py-import_cowsFile-INFO-181-    --干奶日期格式处理完成。现在的格式为：【01/01/1970】
2020-11-10 14:30:57,311-matching.py-import_cowsFile-INFO-164-  【配种日期】当前格式是：1970-01-01 00:00:00
2020-11-10 14:30:57,314-matching.py-import_cowsFile-INFO-167-    --第1步：转换为日期类型。
2020-11-10 14:30:57,342-matching.py-import_cowsFile-INFO-181-    --配种日期格式处理完成。现在的格式为：【01/01/1970】
2020-11-10 14:30:57,352-matching.py-import_cowsFile-INFO-164-  【流产日期】当前格式是：1970-01-01 00:00:00
2020-11-10 14:30:57,362-matching.py-import_cowsFile-INFO-167-    --第1步：转换为日期类型。
2020-11-10 14:30:57,378-matching.py-import_cowsFile-INFO-181-    --流产日期格式处理完成。现在的格式为：【01/01/1970】
2020-11-10 14:30:57,379-matching.py-import_cowsFile-DEBUG-182-牛号      float64
月龄      float64
胎次      float64
繁殖状态     object
泌乳天数    float64
产后天数    float64
空怀天数    float64
配种次数    float64
奶量1     float64
奶量2     float64
牛舍名称     object
出生日期     object
父亲牛号     object
外祖父号     object
繁殖代码      int64
怀孕日期     object
产犊日期     object
干奶日期     object
配种日期     object
流产日期     object
与配公牛     object
dtype: object
2020-11-10 14:30:57,382-matching.py-import_cowsFile-INFO-185-添加配种组列, 默认全为0
2020-11-10 14:30:57,388-matching.py-import_cowsFile-INFO-203-文件中共有牛头数：【1066】
2020-11-10 14:30:57,389-matching.py-import_cowsFile-INFO-204-数据保存中...
2020-11-10 14:30:57,414-matching.py-import_cowsFile-INFO-210-各列数据类型转换中...
2020-11-10 14:30:57,428-matching.py-import_cowsFile-DEBUG-222-牛号       int64
月龄       int64
胎次       int64
繁殖状态    object
泌乳天数     int64
产后天数     int64
空怀天数     int64
配种次数     int64
奶量1      int64
奶量2      int64
牛舍名称    object
出生日期    object
父亲牛号    object
外祖父号    object
繁殖代码     int64
怀孕日期    object
产犊日期    object
干奶日期    object
配种日期    object
流产日期    object
与配公牛    object
配种组      int32
dtype: object
2020-11-10 14:30:57,431-matching.py-import_cowsFile-INFO-223-第一步执行完成，提取的数据保存在：C:\Users\runda\OneDrive - RundaTech\PortableApps\PortableApps\VSCode\data\ToolsALTA\草原和牛_主要信息_20201110.csv

2020-11-10 14:34:44,272-log.py-<module>-DEBUG-19-TEST for logging
2020-11-10 14:34:44,913-matching.py-__init__-DEBUG-44-牛群明细文件的后缀是：XLSX
2020-11-10 14:34:44,914-matching.py-__init__-DEBUG-58-牧场的选配参数为：
  ['草原和牛', '120', '0', '0', '0', '0', '0', '0', '0', 'nothing']
2020-11-10 14:34:44,915-matching.py-import_cowsFile-INFO-75-

开始执行第一步：导入牛群明细:CYHN_全群明细_20201105.xlsx
2020-11-10 14:34:44,915-matching.py-import_cowsFile-DEBUG-77-overload: 1
2020-11-10 14:34:44,916-matching.py-import_cowsFile-DEBUG-83-文件后缀是：XLSX
2020-11-10 14:34:44,916-matching.py-import_cowsFile-DEBUG-85-文件后缀是XLSX。当前操作系统是：Windows
2020-11-10 14:34:45,780-matching.py-import_cowsFile-DEBUG-94-使用xlwings读取牛群明细
2020-11-10 14:34:45,780-matching.py-import_cowsFile-INFO-107-从原始文件中导入数据,原始文件是：C:\Users\runda\OneDrive - RundaTech\PortableApps\PortableApps\VSCode\data\ToolsALTA\Match_files\CYHN_全群明细_20201105.xlsx
2020-11-10 14:34:45,783-matching.py-import_cowsFile-INFO-111-pickle文件已保存：C:\Users\runda\OneDrive - RundaTech\PortableApps\PortableApps\VSCode\data\ToolsALTA\Match_files\CYHN_全群明细_20201105.pickle
2020-11-10 14:34:45,784-matching.py-import_cowsFile-INFO-112-已导入所有列
2020-11-10 14:34:45,784-matching.py-import_cowsFile-INFO-124-开始提取列...
  希望提取的列：['牛号', '月龄', '胎次', '繁殖状态', '泌乳天数', '产后天数', '空怀天数', '配种次数', '奶量1', '奶量2', '牛舍名称', '出生日期', '父亲牛号', '外祖父号', '繁殖代码', '怀孕日期', '产犊日期', '干奶日期', '配种日期', '流产日期', '与配公牛']
2020-11-10 14:34:45,785-matching.py-import_cowsFile-INFO-128-  已提取到列:牛号，文件中是：牛号
2020-11-10 14:34:45,786-matching.py-import_cowsFile-INFO-128-  已提取到列:月龄，文件中是：月龄
2020-11-10 14:34:45,787-matching.py-import_cowsFile-INFO-128-  已提取到列:胎次，文件中是：胎次
2020-11-10 14:34:45,788-matching.py-import_cowsFile-INFO-128-  已提取到列:繁殖状态，文件中是：繁殖状态
2020-11-10 14:34:45,789-matching.py-import_cowsFile-INFO-128-  已提取到列:泌乳天数，文件中是：泌乳天数
2020-11-10 14:34:45,790-matching.py-import_cowsFile-INFO-128-  已提取到列:产后天数，文件中是：产后天数
2020-11-10 14:34:45,791-matching.py-import_cowsFile-INFO-128-  已提取到列:空怀天数，文件中是：空怀天数
2020-11-10 14:34:45,792-matching.py-import_cowsFile-INFO-128-  已提取到列:配种次数，文件中是：配种次数
2020-11-10 14:34:45,792-matching.py-import_cowsFile-INFO-128-  已提取到列:奶量1，文件中是：月龄
2020-11-10 14:34:45,793-matching.py-import_cowsFile-INFO-128-  已提取到列:奶量2，文件中是：月龄
2020-11-10 14:34:45,794-matching.py-import_cowsFile-INFO-128-  已提取到列:牛舍名称，文件中是：牛舍名称
2020-11-10 14:34:45,795-matching.py-import_cowsFile-INFO-128-  已提取到列:出生日期，文件中是：出生日期
2020-11-10 14:34:45,795-matching.py-import_cowsFile-INFO-128-  已提取到列:父亲牛号，文件中是：父亲牛号
2020-11-10 14:34:45,796-matching.py-import_cowsFile-INFO-128-  已提取到列:外祖父号，文件中是：外祖父号
2020-11-10 14:34:45,797-matching.py-import_cowsFile-INFO-138-未提取到列:繁殖代码, 文件中未找到['RC', '注册号']
2020-11-10 14:34:45,797-matching.py-import_cowsFile-INFO-128-  已提取到列:怀孕日期，文件中是：怀孕日期
2020-11-10 14:34:45,798-matching.py-import_cowsFile-INFO-128-  已提取到列:产犊日期，文件中是：产犊日期
2020-11-10 14:34:45,799-matching.py-import_cowsFile-INFO-128-  已提取到列:干奶日期，文件中是：干奶日期
2020-11-10 14:34:45,800-matching.py-import_cowsFile-INFO-128-  已提取到列:配种日期，文件中是：配种日期
2020-11-10 14:34:45,800-matching.py-import_cowsFile-INFO-128-  已提取到列:流产日期，文件中是：流产日期
2020-11-10 14:34:45,801-matching.py-import_cowsFile-INFO-128-  已提取到列:与配公牛，文件中是：与配公牛
2020-11-10 14:34:45,802-matching.py-import_cowsFile-INFO-140-提取完成。
2020-11-10 14:34:45,889-matching.py-import_cowsFile-DEBUG-147-牛号             float64
月龄             float64
胎次             float64
繁殖状态            object
泌乳天数           float64
产后天数           float64
空怀天数           float64
配种次数           float64
奶量1            float64
奶量2            float64
牛舍名称            object
出生日期    datetime64[ns]
父亲牛号            object
外祖父号            object
繁殖代码             int64
怀孕日期            object
产犊日期            object
干奶日期            object
配种日期            object
流产日期            object
与配公牛            object
dtype: object
2020-11-10 14:34:45,896-matching.py-import_cowsFile-INFO-152-去除重复耳号记录有：1065条
2020-11-10 14:34:45,899-matching.py-import_cowsFile-INFO-161-开始处理日期格式...转换日期格式为"【月/日/年】
2020-11-10 14:34:45,900-matching.py-import_cowsFile-INFO-164-  【出生日期】当前格式是：2011-03-25 00:00:00
2020-11-10 14:34:45,901-matching.py-import_cowsFile-INFO-167-    --第1步：转换为日期类型。
2020-11-10 14:34:45,915-matching.py-import_cowsFile-INFO-181-    --出生日期格式处理完成。现在的格式为：【03/25/2011】
2020-11-10 14:34:45,917-matching.py-import_cowsFile-INFO-164-  【怀孕日期】当前格式是：2020-06-08 00:00:00
2020-11-10 14:34:45,920-matching.py-import_cowsFile-INFO-167-    --第1步：转换为日期类型。
2020-11-10 14:34:45,933-matching.py-import_cowsFile-INFO-181-    --怀孕日期格式处理完成。现在的格式为：【06/08/2020】
2020-11-10 14:34:45,935-matching.py-import_cowsFile-INFO-164-  【产犊日期】当前格式是：2019-12-19 23:06:53
2020-11-10 14:34:45,938-matching.py-import_cowsFile-INFO-167-    --第1步：转换为日期类型。
2020-11-10 14:34:45,947-matching.py-import_cowsFile-INFO-181-    --产犊日期格式处理完成。现在的格式为：【12/19/2019】
2020-11-10 14:34:45,948-matching.py-import_cowsFile-INFO-164-  【干奶日期】当前格式是：1970-01-01 00:00:00
2020-11-10 14:34:45,950-matching.py-import_cowsFile-INFO-167-    --第1步：转换为日期类型。
2020-11-10 14:34:45,958-matching.py-import_cowsFile-INFO-181-    --干奶日期格式处理完成。现在的格式为：【01/01/1970】
2020-11-10 14:34:45,960-matching.py-import_cowsFile-INFO-164-  【配种日期】当前格式是：2020-06-08 00:00:00
2020-11-10 14:34:45,962-matching.py-import_cowsFile-INFO-167-    --第1步：转换为日期类型。
2020-11-10 14:34:45,973-matching.py-import_cowsFile-INFO-181-    --配种日期格式处理完成。现在的格式为：【06/08/2020】
2020-11-10 14:34:45,975-matching.py-import_cowsFile-INFO-164-  【流产日期】当前格式是：1970-01-01 00:00:00
2020-11-10 14:34:45,977-matching.py-import_cowsFile-INFO-167-    --第1步：转换为日期类型。
2020-11-10 14:34:45,984-matching.py-import_cowsFile-INFO-181-    --流产日期格式处理完成。现在的格式为：【01/01/1970】
2020-11-10 14:34:45,984-matching.py-import_cowsFile-DEBUG-182-牛号      float64
月龄      float64
胎次      float64
繁殖状态     object
泌乳天数    float64
产后天数    float64
空怀天数    float64
配种次数    float64
奶量1     float64
奶量2     float64
牛舍名称     object
出生日期     object
父亲牛号     object
外祖父号     object
繁殖代码      int64
怀孕日期     object
产犊日期     object
干奶日期     object
配种日期     object
流产日期     object
与配公牛     object
dtype: object
2020-11-10 14:34:45,987-matching.py-import_cowsFile-INFO-185-添加配种组列, 默认全为0
2020-11-10 14:34:45,992-matching.py-import_cowsFile-INFO-203-文件中共有牛头数：【1065】
2020-11-10 14:34:45,992-matching.py-import_cowsFile-INFO-204-数据保存中...
2020-11-10 14:34:46,015-matching.py-import_cowsFile-INFO-210-各列数据类型转换中...
2020-11-10 14:34:46,024-matching.py-import_cowsFile-DEBUG-222-牛号       int64
月龄       int64
胎次       int64
繁殖状态    object
泌乳天数     int64
产后天数     int64
空怀天数     int64
配种次数     int64
奶量1      int64
奶量2      int64
牛舍名称    object
出生日期    object
父亲牛号    object
外祖父号    object
繁殖代码     int64
怀孕日期    object
产犊日期    object
干奶日期    object
配种日期    object
流产日期    object
与配公牛    object
配种组      int32
dtype: object
2020-11-10 14:34:46,027-matching.py-import_cowsFile-INFO-223-第一步执行完成，提取的数据保存在：C:\Users\runda\OneDrive - RundaTech\PortableApps\PortableApps\VSCode\data\ToolsALTA\草原和牛_主要信息_20201110.csv

2020-11-10 14:35:48,468-log.py-<module>-DEBUG-19-TEST for logging
2020-11-10 14:35:49,086-matching.py-__init__-DEBUG-44-牛群明细文件的后缀是：XLSX
2020-11-10 14:35:49,086-matching.py-__init__-DEBUG-58-牧场的选配参数为：
  ['草原和牛', '120', '0', '0', '0', '0', '0', '0', '0', 'nothing']
2020-11-10 14:35:49,090-matching.py-import_cowsFile-INFO-75-

开始执行第一步：导入牛群明细:CYHN_全群明细_20201105.xlsx
2020-11-10 14:35:49,090-matching.py-import_cowsFile-DEBUG-77-overload: 1
2020-11-10 14:35:49,091-matching.py-import_cowsFile-DEBUG-83-文件后缀是：XLSX
2020-11-10 14:35:49,091-matching.py-import_cowsFile-DEBUG-85-文件后缀是XLSX。当前操作系统是：Windows
2020-11-10 14:35:50,036-matching.py-import_cowsFile-DEBUG-94-使用xlwings读取牛群明细
2020-11-10 14:35:50,036-matching.py-import_cowsFile-INFO-107-从原始文件中导入数据,原始文件是：C:\Users\runda\OneDrive - RundaTech\PortableApps\PortableApps\VSCode\data\ToolsALTA\Match_files\CYHN_全群明细_20201105.xlsx
2020-11-10 14:35:50,042-matching.py-import_cowsFile-INFO-111-pickle文件已保存：C:\Users\runda\OneDrive - RundaTech\PortableApps\PortableApps\VSCode\data\ToolsALTA\Match_files\CYHN_全群明细_20201105.pickle
2020-11-10 14:35:50,044-matching.py-import_cowsFile-INFO-112-已导入所有列
2020-11-10 14:35:50,046-matching.py-import_cowsFile-INFO-124-开始提取列...
  希望提取的列：['牛号', '月龄', '胎次', '繁殖状态', '泌乳天数', '产后天数', '空怀天数', '配种次数', '奶量1', '奶量2', '牛舍名称', '出生日期', '父亲牛号', '外祖父号', '繁殖代码', '怀孕日期', '产犊日期', '干奶日期', '配种日期', '流产日期', '与配公牛']
2020-11-10 14:35:50,047-matching.py-import_cowsFile-INFO-128-  已提取到列:牛号，文件中是：牛号
2020-11-10 14:35:50,049-matching.py-import_cowsFile-INFO-128-  已提取到列:月龄，文件中是：月龄
2020-11-10 14:35:50,050-matching.py-import_cowsFile-INFO-128-  已提取到列:胎次，文件中是：胎次
2020-11-10 14:35:50,051-matching.py-import_cowsFile-INFO-128-  已提取到列:繁殖状态，文件中是：繁殖状态
2020-11-10 14:35:50,052-matching.py-import_cowsFile-INFO-128-  已提取到列:泌乳天数，文件中是：泌乳天数
2020-11-10 14:35:50,053-matching.py-import_cowsFile-INFO-128-  已提取到列:产后天数，文件中是：产后天数
2020-11-10 14:35:50,056-matching.py-import_cowsFile-INFO-128-  已提取到列:空怀天数，文件中是：空怀天数
2020-11-10 14:35:50,058-matching.py-import_cowsFile-INFO-128-  已提取到列:配种次数，文件中是：配种次数
2020-11-10 14:35:50,059-matching.py-import_cowsFile-INFO-128-  已提取到列:奶量1，文件中是：月龄
2020-11-10 14:35:50,061-matching.py-import_cowsFile-INFO-128-  已提取到列:奶量2，文件中是：月龄
2020-11-10 14:35:50,062-matching.py-import_cowsFile-INFO-128-  已提取到列:牛舍名称，文件中是：牛舍名称
2020-11-10 14:35:50,063-matching.py-import_cowsFile-INFO-128-  已提取到列:出生日期，文件中是：出生日期
2020-11-10 14:35:50,065-matching.py-import_cowsFile-INFO-128-  已提取到列:父亲牛号，文件中是：父亲牛号
2020-11-10 14:35:50,066-matching.py-import_cowsFile-INFO-128-  已提取到列:外祖父号，文件中是：外祖父号
2020-11-10 14:35:50,067-matching.py-import_cowsFile-INFO-138-未提取到列:繁殖代码, 文件中未找到['RC', '注册号']
2020-11-10 14:35:50,069-matching.py-import_cowsFile-INFO-128-  已提取到列:怀孕日期，文件中是：怀孕日期
2020-11-10 14:35:50,070-matching.py-import_cowsFile-INFO-128-  已提取到列:产犊日期，文件中是：产犊日期
2020-11-10 14:35:50,072-matching.py-import_cowsFile-INFO-128-  已提取到列:干奶日期，文件中是：干奶日期
2020-11-10 14:35:50,073-matching.py-import_cowsFile-INFO-128-  已提取到列:配种日期，文件中是：配种日期
2020-11-10 14:35:50,075-matching.py-import_cowsFile-INFO-128-  已提取到列:流产日期，文件中是：流产日期
2020-11-10 14:35:50,077-matching.py-import_cowsFile-INFO-128-  已提取到列:与配公牛，文件中是：与配公牛
2020-11-10 14:35:50,079-matching.py-import_cowsFile-INFO-140-提取完成。
2020-11-10 14:35:50,194-matching.py-import_cowsFile-DEBUG-147-牛号             float64
月龄             float64
胎次             float64
繁殖状态            object
泌乳天数           float64
产后天数           float64
空怀天数           float64
配种次数           float64
奶量1            float64
奶量2            float64
牛舍名称            object
出生日期    datetime64[ns]
父亲牛号            object
外祖父号            object
繁殖代码             int64
怀孕日期            object
产犊日期            object
干奶日期            object
配种日期            object
流产日期            object
与配公牛            object
dtype: object
2020-11-10 14:35:50,201-matching.py-import_cowsFile-INFO-152-去除重复耳号记录有：1065条
2020-11-10 14:35:50,204-matching.py-import_cowsFile-INFO-161-开始处理日期格式...转换日期格式为"【月/日/年】
2020-11-10 14:35:50,204-matching.py-import_cowsFile-INFO-164-  【出生日期】当前格式是：2011-03-25 00:00:00
2020-11-10 14:35:50,206-matching.py-import_cowsFile-INFO-167-    --第1步：转换为日期类型。
2020-11-10 14:35:50,216-matching.py-import_cowsFile-INFO-181-    --出生日期格式处理完成。现在的格式为：【03/25/2011】
2020-11-10 14:35:50,219-matching.py-import_cowsFile-INFO-164-  【怀孕日期】当前格式是：2020-06-08 00:00:00
2020-11-10 14:35:50,222-matching.py-import_cowsFile-INFO-167-    --第1步：转换为日期类型。
2020-11-10 14:35:50,231-matching.py-import_cowsFile-INFO-181-    --怀孕日期格式处理完成。现在的格式为：【06/08/2020】
2020-11-10 14:35:50,233-matching.py-import_cowsFile-INFO-164-  【产犊日期】当前格式是：2019-12-19 23:06:53
2020-11-10 14:35:50,235-matching.py-import_cowsFile-INFO-167-    --第1步：转换为日期类型。
2020-11-10 14:35:50,245-matching.py-import_cowsFile-INFO-181-    --产犊日期格式处理完成。现在的格式为：【12/19/2019】
2020-11-10 14:35:50,246-matching.py-import_cowsFile-INFO-164-  【干奶日期】当前格式是：1970-01-01 00:00:00
2020-11-10 14:35:50,248-matching.py-import_cowsFile-INFO-167-    --第1步：转换为日期类型。
2020-11-10 14:35:50,258-matching.py-import_cowsFile-INFO-181-    --干奶日期格式处理完成。现在的格式为：【01/01/1970】
2020-11-10 14:35:50,260-matching.py-import_cowsFile-INFO-164-  【配种日期】当前格式是：2020-06-08 00:00:00
2020-11-10 14:35:50,261-matching.py-import_cowsFile-INFO-167-    --第1步：转换为日期类型。
2020-11-10 14:35:50,271-matching.py-import_cowsFile-INFO-181-    --配种日期格式处理完成。现在的格式为：【06/08/2020】
2020-11-10 14:35:50,273-matching.py-import_cowsFile-INFO-164-  【流产日期】当前格式是：1970-01-01 00:00:00
2020-11-10 14:35:50,276-matching.py-import_cowsFile-INFO-167-    --第1步：转换为日期类型。
2020-11-10 14:35:50,284-matching.py-import_cowsFile-INFO-181-    --流产日期格式处理完成。现在的格式为：【01/01/1970】
2020-11-10 14:35:50,285-matching.py-import_cowsFile-DEBUG-182-牛号      float64
月龄      float64
胎次      float64
繁殖状态     object
泌乳天数    float64
产后天数    float64
空怀天数    float64
配种次数    float64
奶量1     float64
奶量2     float64
牛舍名称     object
出生日期     object
父亲牛号     object
外祖父号     object
繁殖代码      int64
怀孕日期     object
产犊日期     object
干奶日期     object
配种日期     object
流产日期     object
与配公牛     object
dtype: object
2020-11-10 14:35:50,288-matching.py-import_cowsFile-INFO-185-添加配种组列, 默认全为0
2020-11-10 14:35:50,295-matching.py-import_cowsFile-INFO-203-文件中共有牛头数：【1065】
2020-11-10 14:35:50,295-matching.py-import_cowsFile-INFO-204-数据保存中...
2020-11-10 14:35:50,315-matching.py-import_cowsFile-INFO-210-各列数据类型转换中...
2020-11-10 14:35:50,326-matching.py-import_cowsFile-DEBUG-222-牛号       int64
月龄       int64
胎次       int64
繁殖状态    object
泌乳天数     int64
产后天数     int64
空怀天数     int64
配种次数     int64
奶量1      int64
奶量2      int64
牛舍名称    object
出生日期    object
父亲牛号    object
外祖父号    object
繁殖代码     int64
怀孕日期    object
产犊日期    object
干奶日期    object
配种日期    object
流产日期    object
与配公牛    object
配种组      int32
dtype: object
2020-11-10 14:35:50,329-matching.py-import_cowsFile-INFO-223-第一步执行完成，提取的数据保存在：C:\Users\runda\OneDrive - RundaTech\PortableApps\PortableApps\VSCode\data\ToolsALTA\草原和牛_主要信息_20201110.csv

2020-11-10 14:38:38,778-log.py-<module>-DEBUG-19-TEST for logging
2020-11-10 14:38:39,690-matching.py-__init__-DEBUG-44-牛群明细文件的后缀是：XLSX
2020-11-10 14:38:39,691-matching.py-__init__-DEBUG-58-牧场的选配参数为：
  ['草原和牛', '120', '0', '0', '0', '0', '0', '0', '0', 'nothing']
2020-11-10 14:38:39,693-matching.py-import_cowsFile-INFO-75-

开始执行第一步：导入牛群明细:CYHN_全群明细_20201105.xlsx
2020-11-10 14:38:39,693-matching.py-import_cowsFile-DEBUG-77-overload: 1
2020-11-10 14:38:39,693-matching.py-import_cowsFile-DEBUG-83-文件后缀是：XLSX
2020-11-10 14:38:39,694-matching.py-import_cowsFile-DEBUG-85-文件后缀是XLSX。当前操作系统是：Windows
2020-11-10 14:38:41,465-matching.py-import_cowsFile-DEBUG-94-使用xlwings读取牛群明细
2020-11-10 14:38:41,466-matching.py-import_cowsFile-INFO-107-从原始文件中导入数据,原始文件是：C:\Users\runda\OneDrive - RundaTech\PortableApps\PortableApps\VSCode\data\ToolsALTA\Match_files\CYHN_全群明细_20201105.xlsx
2020-11-10 14:38:41,468-matching.py-import_cowsFile-INFO-111-pickle文件已保存：C:\Users\runda\OneDrive - RundaTech\PortableApps\PortableApps\VSCode\data\ToolsALTA\Match_files\CYHN_全群明细_20201105.pickle
2020-11-10 14:38:41,469-matching.py-import_cowsFile-INFO-112-已导入所有列
2020-11-10 14:38:41,470-matching.py-import_cowsFile-INFO-124-开始提取列...
  希望提取的列：['牛号', '月龄', '胎次', '繁殖状态', '泌乳天数', '产后天数', '空怀天数', '配种次数', '奶量1', '奶量2', '牛舍名称', '出生日期', '父亲牛号', '外祖父号', '繁殖代码', '怀孕日期', '产犊日期', '干奶日期', '配种日期', '流产日期', '与配公牛']
2020-11-10 14:38:41,471-matching.py-import_cowsFile-INFO-128-  已提取到列:牛号，文件中是：牛号
2020-11-10 14:38:41,474-matching.py-import_cowsFile-INFO-128-  已提取到列:月龄，文件中是：月龄
2020-11-10 14:38:41,475-matching.py-import_cowsFile-INFO-128-  已提取到列:胎次，文件中是：胎次
2020-11-10 14:38:41,475-matching.py-import_cowsFile-INFO-128-  已提取到列:繁殖状态，文件中是：繁殖状态
2020-11-10 14:38:41,476-matching.py-import_cowsFile-INFO-128-  已提取到列:泌乳天数，文件中是：泌乳天数
2020-11-10 14:38:41,477-matching.py-import_cowsFile-INFO-128-  已提取到列:产后天数，文件中是：产后天数
2020-11-10 14:38:41,478-matching.py-import_cowsFile-INFO-128-  已提取到列:空怀天数，文件中是：空怀天数
2020-11-10 14:38:41,478-matching.py-import_cowsFile-INFO-128-  已提取到列:配种次数，文件中是：配种次数
2020-11-10 14:38:41,479-matching.py-import_cowsFile-INFO-128-  已提取到列:奶量1，文件中是：月龄
2020-11-10 14:38:41,480-matching.py-import_cowsFile-INFO-128-  已提取到列:奶量2，文件中是：月龄
2020-11-10 14:38:41,480-matching.py-import_cowsFile-INFO-128-  已提取到列:牛舍名称，文件中是：牛舍名称
2020-11-10 14:38:41,481-matching.py-import_cowsFile-INFO-128-  已提取到列:出生日期，文件中是：出生日期
2020-11-10 14:38:41,482-matching.py-import_cowsFile-INFO-128-  已提取到列:父亲牛号，文件中是：父亲牛号
2020-11-10 14:38:41,484-matching.py-import_cowsFile-INFO-128-  已提取到列:外祖父号，文件中是：外祖父号
2020-11-10 14:38:41,484-matching.py-import_cowsFile-INFO-138-未提取到列:繁殖代码, 文件中未找到['RC', '注册号']
2020-11-10 14:38:41,486-matching.py-import_cowsFile-INFO-128-  已提取到列:怀孕日期，文件中是：怀孕日期
2020-11-10 14:38:41,487-matching.py-import_cowsFile-INFO-128-  已提取到列:产犊日期，文件中是：产犊日期
2020-11-10 14:38:41,489-matching.py-import_cowsFile-INFO-128-  已提取到列:干奶日期，文件中是：干奶日期
2020-11-10 14:38:41,490-matching.py-import_cowsFile-INFO-128-  已提取到列:配种日期，文件中是：配种日期
2020-11-10 14:38:41,491-matching.py-import_cowsFile-INFO-128-  已提取到列:流产日期，文件中是：流产日期
2020-11-10 14:38:41,492-matching.py-import_cowsFile-INFO-128-  已提取到列:与配公牛，文件中是：与配公牛
2020-11-10 14:38:41,493-matching.py-import_cowsFile-INFO-140-提取完成。
2020-11-10 14:38:41,585-matching.py-import_cowsFile-DEBUG-147-牛号             float64
月龄             float64
胎次             float64
繁殖状态            object
泌乳天数           float64
产后天数           float64
空怀天数           float64
配种次数           float64
奶量1            float64
奶量2            float64
牛舍名称            object
出生日期    datetime64[ns]
父亲牛号            object
外祖父号            object
繁殖代码             int64
怀孕日期            object
产犊日期            object
干奶日期            object
配种日期            object
流产日期            object
与配公牛            object
dtype: object
2020-11-10 14:38:41,589-matching.py-import_cowsFile-DEBUG-149-herds1 中有多少头1065
2020-11-10 14:38:41,595-matching.py-import_cowsFile-INFO-162-开始处理日期格式...转换日期格式为"【月/日/年】
2020-11-10 14:38:41,597-matching.py-import_cowsFile-INFO-165-  【出生日期】当前格式是：2011-03-25 00:00:00
2020-11-10 14:38:41,599-matching.py-import_cowsFile-INFO-168-    --第1步：转换为日期类型。
2020-11-10 14:38:41,607-matching.py-import_cowsFile-INFO-182-    --出生日期格式处理完成。现在的格式为：【03/25/2011】
2020-11-10 14:38:41,608-matching.py-import_cowsFile-INFO-165-  【怀孕日期】当前格式是：2020-06-08 00:00:00
2020-11-10 14:38:41,611-matching.py-import_cowsFile-INFO-168-    --第1步：转换为日期类型。
2020-11-10 14:38:41,619-matching.py-import_cowsFile-INFO-182-    --怀孕日期格式处理完成。现在的格式为：【06/08/2020】
2020-11-10 14:38:41,621-matching.py-import_cowsFile-INFO-165-  【产犊日期】当前格式是：2019-12-19 23:06:53
2020-11-10 14:38:41,623-matching.py-import_cowsFile-INFO-168-    --第1步：转换为日期类型。
2020-11-10 14:38:41,631-matching.py-import_cowsFile-INFO-182-    --产犊日期格式处理完成。现在的格式为：【12/19/2019】
2020-11-10 14:38:41,632-matching.py-import_cowsFile-INFO-165-  【干奶日期】当前格式是：1970-01-01 00:00:00
2020-11-10 14:38:41,634-matching.py-import_cowsFile-INFO-168-    --第1步：转换为日期类型。
2020-11-10 14:38:41,642-matching.py-import_cowsFile-INFO-182-    --干奶日期格式处理完成。现在的格式为：【01/01/1970】
2020-11-10 14:38:41,644-matching.py-import_cowsFile-INFO-165-  【配种日期】当前格式是：2020-06-08 00:00:00
2020-11-10 14:38:41,646-matching.py-import_cowsFile-INFO-168-    --第1步：转换为日期类型。
2020-11-10 14:38:41,656-matching.py-import_cowsFile-INFO-182-    --配种日期格式处理完成。现在的格式为：【06/08/2020】
2020-11-10 14:38:41,658-matching.py-import_cowsFile-INFO-165-  【流产日期】当前格式是：1970-01-01 00:00:00
2020-11-10 14:38:41,659-matching.py-import_cowsFile-INFO-168-    --第1步：转换为日期类型。
2020-11-10 14:38:41,667-matching.py-import_cowsFile-INFO-182-    --流产日期格式处理完成。现在的格式为：【01/01/1970】
2020-11-10 14:38:41,667-matching.py-import_cowsFile-DEBUG-183-牛号      float64
月龄      float64
胎次      float64
繁殖状态     object
泌乳天数    float64
产后天数    float64
空怀天数    float64
配种次数    float64
奶量1     float64
奶量2     float64
牛舍名称     object
出生日期     object
父亲牛号     object
外祖父号     object
繁殖代码      int64
怀孕日期     object
产犊日期     object
干奶日期     object
配种日期     object
流产日期     object
与配公牛     object
dtype: object
2020-11-10 14:38:41,669-matching.py-import_cowsFile-INFO-186-添加配种组列, 默认全为0
2020-11-10 14:38:41,675-matching.py-import_cowsFile-INFO-204-文件中共有牛头数：【1065】
2020-11-10 14:38:41,675-matching.py-import_cowsFile-INFO-205-数据保存中...
2020-11-10 14:38:41,699-matching.py-import_cowsFile-INFO-211-各列数据类型转换中...
2020-11-10 14:38:41,708-matching.py-import_cowsFile-DEBUG-223-牛号       int64
月龄       int64
胎次       int64
繁殖状态    object
泌乳天数     int64
产后天数     int64
空怀天数     int64
配种次数     int64
奶量1      int64
奶量2      int64
牛舍名称    object
出生日期    object
父亲牛号    object
外祖父号    object
繁殖代码     int64
怀孕日期    object
产犊日期    object
干奶日期    object
配种日期    object
流产日期    object
与配公牛    object
配种组      int32
dtype: object
2020-11-10 14:38:41,711-matching.py-import_cowsFile-INFO-224-第一步执行完成，提取的数据保存在：C:\Users\runda\OneDrive - RundaTech\PortableApps\PortableApps\VSCode\data\ToolsALTA\草原和牛_主要信息_20201110.csv

2020-11-10 14:40:06,337-log.py-<module>-DEBUG-19-TEST for logging
2020-11-10 14:40:06,884-matching.py-__init__-DEBUG-44-牛群明细文件的后缀是：XLSX
2020-11-10 14:40:06,884-matching.py-__init__-DEBUG-58-牧场的选配参数为：
  ['草原和牛', '120', '0', '0', '0', '0', '0', '0', '0', 'nothing']
2020-11-10 14:40:06,885-matching.py-import_cowsFile-INFO-75-

开始执行第一步：导入牛群明细:CYHN_全群明细_20201105.xlsx
2020-11-10 14:40:06,886-matching.py-import_cowsFile-DEBUG-77-overload: 1
2020-11-10 14:40:06,886-matching.py-import_cowsFile-DEBUG-83-文件后缀是：XLSX
2020-11-10 14:40:06,886-matching.py-import_cowsFile-DEBUG-85-文件后缀是XLSX。当前操作系统是：Windows
2020-11-10 14:40:07,819-matching.py-import_cowsFile-DEBUG-94-使用xlwings读取牛群明细
2020-11-10 14:40:07,819-matching.py-import_cowsFile-INFO-107-从原始文件中导入数据,原始文件是：C:\Users\runda\OneDrive - RundaTech\PortableApps\PortableApps\VSCode\data\ToolsALTA\Match_files\CYHN_全群明细_20201105.xlsx
2020-11-10 14:40:07,825-matching.py-import_cowsFile-INFO-111-pickle文件已保存：C:\Users\runda\OneDrive - RundaTech\PortableApps\PortableApps\VSCode\data\ToolsALTA\Match_files\CYHN_全群明细_20201105.pickle
2020-11-10 14:40:07,828-matching.py-import_cowsFile-INFO-112-已导入所有列
2020-11-10 14:40:07,829-matching.py-import_cowsFile-INFO-124-开始提取列...
  希望提取的列：['牛号', '月龄', '胎次', '繁殖状态', '泌乳天数', '产后天数', '空怀天数', '配种次数', '奶量1', '奶量2', '牛舍名称', '出生日期', '父亲牛号', '外祖父号', '繁殖代码', '怀孕日期', '产犊日期', '干奶日期', '配种日期', '流产日期', '与配公牛']
2020-11-10 14:40:07,829-matching.py-import_cowsFile-INFO-128-  已提取到列:牛号，文件中是：牛号
2020-11-10 14:40:07,831-matching.py-import_cowsFile-INFO-128-  已提取到列:月龄，文件中是：月龄
2020-11-10 14:40:07,831-matching.py-import_cowsFile-INFO-128-  已提取到列:胎次，文件中是：胎次
2020-11-10 14:40:07,832-matching.py-import_cowsFile-INFO-128-  已提取到列:繁殖状态，文件中是：繁殖状态
2020-11-10 14:40:07,833-matching.py-import_cowsFile-INFO-128-  已提取到列:泌乳天数，文件中是：泌乳天数
2020-11-10 14:40:07,834-matching.py-import_cowsFile-INFO-128-  已提取到列:产后天数，文件中是：产后天数
2020-11-10 14:40:07,835-matching.py-import_cowsFile-INFO-128-  已提取到列:空怀天数，文件中是：空怀天数
2020-11-10 14:40:07,835-matching.py-import_cowsFile-INFO-128-  已提取到列:配种次数，文件中是：配种次数
2020-11-10 14:40:07,836-matching.py-import_cowsFile-INFO-128-  已提取到列:奶量1，文件中是：月龄
2020-11-10 14:40:07,839-matching.py-import_cowsFile-INFO-128-  已提取到列:奶量2，文件中是：月龄
2020-11-10 14:40:07,840-matching.py-import_cowsFile-INFO-128-  已提取到列:牛舍名称，文件中是：牛舍名称
2020-11-10 14:40:07,842-matching.py-import_cowsFile-INFO-128-  已提取到列:出生日期，文件中是：出生日期
2020-11-10 14:40:07,842-matching.py-import_cowsFile-INFO-128-  已提取到列:父亲牛号，文件中是：父亲牛号
2020-11-10 14:40:07,843-matching.py-import_cowsFile-INFO-128-  已提取到列:外祖父号，文件中是：外祖父号
2020-11-10 14:40:07,844-matching.py-import_cowsFile-INFO-138-未提取到列:繁殖代码, 文件中未找到['RC', '注册号']
2020-11-10 14:40:07,845-matching.py-import_cowsFile-INFO-128-  已提取到列:怀孕日期，文件中是：怀孕日期
2020-11-10 14:40:07,845-matching.py-import_cowsFile-INFO-128-  已提取到列:产犊日期，文件中是：产犊日期
2020-11-10 14:40:07,846-matching.py-import_cowsFile-INFO-128-  已提取到列:干奶日期，文件中是：干奶日期
2020-11-10 14:40:07,847-matching.py-import_cowsFile-INFO-128-  已提取到列:配种日期，文件中是：配种日期
2020-11-10 14:40:07,848-matching.py-import_cowsFile-INFO-128-  已提取到列:流产日期，文件中是：流产日期
2020-11-10 14:40:07,848-matching.py-import_cowsFile-INFO-128-  已提取到列:与配公牛，文件中是：与配公牛
2020-11-10 14:40:07,849-matching.py-import_cowsFile-INFO-140-提取完成。
2020-11-10 14:40:07,960-matching.py-import_cowsFile-DEBUG-147-牛号             float64
月龄             float64
胎次             float64
繁殖状态            object
泌乳天数           float64
产后天数           float64
空怀天数           float64
配种次数           float64
奶量1            float64
奶量2            float64
牛舍名称            object
出生日期    datetime64[ns]
父亲牛号            object
外祖父号            object
繁殖代码             int64
怀孕日期            object
产犊日期            object
干奶日期            object
配种日期            object
流产日期            object
与配公牛            object
dtype: object
2020-11-10 14:40:07,963-matching.py-import_cowsFile-DEBUG-149-herds1 中有多少头1065
2020-11-10 14:40:07,969-matching.py-import_cowsFile-INFO-162-开始处理日期格式...转换日期格式为"【月/日/年】
2020-11-10 14:40:07,970-matching.py-import_cowsFile-INFO-165-  【出生日期】当前格式是：2011-03-25 00:00:00
2020-11-10 14:40:07,972-matching.py-import_cowsFile-INFO-168-    --第1步：转换为日期类型。
2020-11-10 14:40:07,981-matching.py-import_cowsFile-INFO-182-    --出生日期格式处理完成。现在的格式为：【03/25/2011】
2020-11-10 14:40:07,983-matching.py-import_cowsFile-INFO-165-  【怀孕日期】当前格式是：2020-06-08 00:00:00
2020-11-10 14:40:08,001-matching.py-import_cowsFile-INFO-168-    --第1步：转换为日期类型。
2020-11-10 14:40:08,023-matching.py-import_cowsFile-INFO-182-    --怀孕日期格式处理完成。现在的格式为：【06/08/2020】
2020-11-10 14:40:08,026-matching.py-import_cowsFile-INFO-165-  【产犊日期】当前格式是：2019-12-19 23:06:53
2020-11-10 14:40:08,031-matching.py-import_cowsFile-INFO-168-    --第1步：转换为日期类型。
2020-11-10 14:40:08,043-matching.py-import_cowsFile-INFO-182-    --产犊日期格式处理完成。现在的格式为：【12/19/2019】
2020-11-10 14:40:08,045-matching.py-import_cowsFile-INFO-165-  【干奶日期】当前格式是：1970-01-01 00:00:00
2020-11-10 14:40:08,047-matching.py-import_cowsFile-INFO-168-    --第1步：转换为日期类型。
2020-11-10 14:40:08,062-matching.py-import_cowsFile-INFO-182-    --干奶日期格式处理完成。现在的格式为：【01/01/1970】
2020-11-10 14:40:08,064-matching.py-import_cowsFile-INFO-165-  【配种日期】当前格式是：2020-06-08 00:00:00
2020-11-10 14:40:08,066-matching.py-import_cowsFile-INFO-168-    --第1步：转换为日期类型。
2020-11-10 14:40:08,079-matching.py-import_cowsFile-INFO-182-    --配种日期格式处理完成。现在的格式为：【06/08/2020】
2020-11-10 14:40:08,080-matching.py-import_cowsFile-INFO-165-  【流产日期】当前格式是：1970-01-01 00:00:00
2020-11-10 14:40:08,082-matching.py-import_cowsFile-INFO-168-    --第1步：转换为日期类型。
2020-11-10 14:40:08,093-matching.py-import_cowsFile-INFO-182-    --流产日期格式处理完成。现在的格式为：【01/01/1970】
2020-11-10 14:40:08,093-matching.py-import_cowsFile-DEBUG-183-牛号      float64
月龄      float64
胎次      float64
繁殖状态     object
泌乳天数    float64
产后天数    float64
空怀天数    float64
配种次数    float64
奶量1     float64
奶量2     float64
牛舍名称     object
出生日期     object
父亲牛号     object
外祖父号     object
繁殖代码      int64
怀孕日期     object
产犊日期     object
干奶日期     object
配种日期     object
流产日期     object
与配公牛     object
dtype: object
2020-11-10 14:40:08,096-matching.py-import_cowsFile-INFO-186-添加配种组列, 默认全为0
2020-11-10 14:40:08,100-matching.py-import_cowsFile-INFO-204-文件中共有牛头数：【1065】
2020-11-10 14:40:08,101-matching.py-import_cowsFile-INFO-205-数据保存中...
2020-11-10 14:40:08,122-matching.py-import_cowsFile-INFO-211-各列数据类型转换中...
2020-11-10 14:40:08,133-matching.py-import_cowsFile-DEBUG-223-牛号       int64
月龄       int64
胎次       int64
繁殖状态    object
泌乳天数     int64
产后天数     int64
空怀天数     int64
配种次数     int64
奶量1      int64
奶量2      int64
牛舍名称    object
出生日期    object
父亲牛号    object
外祖父号    object
繁殖代码     int64
怀孕日期    object
产犊日期    object
干奶日期    object
配种日期    object
流产日期    object
与配公牛    object
配种组      int32
dtype: object
2020-11-10 14:40:08,136-matching.py-import_cowsFile-INFO-224-第一步执行完成，提取的数据保存在：C:\Users\runda\OneDrive - RundaTech\PortableApps\PortableApps\VSCode\data\ToolsALTA\草原和牛_主要信息_20201110.csv

2020-11-10 14:40:34,966-log.py-<module>-DEBUG-19-TEST for logging
2020-11-10 14:40:35,567-matching.py-__init__-DEBUG-44-牛群明细文件的后缀是：XLSX
2020-11-10 14:40:35,572-matching.py-__init__-DEBUG-58-牧场的选配参数为：
  ['草原和牛', '120', '0', '0', '0', '0', '0', '0', '0', 'nothing']
2020-11-10 14:40:35,572-matching.py-import_cowsFile-INFO-75-

开始执行第一步：导入牛群明细:CYHN_全群明细_20201105.xlsx
2020-11-10 14:40:35,572-matching.py-import_cowsFile-DEBUG-77-overload: 1
2020-11-10 14:40:35,574-matching.py-import_cowsFile-DEBUG-83-文件后缀是：XLSX
2020-11-10 14:40:35,574-matching.py-import_cowsFile-DEBUG-85-文件后缀是XLSX。当前操作系统是：Windows
2020-11-10 14:40:36,454-matching.py-import_cowsFile-DEBUG-94-使用xlwings读取牛群明细
2020-11-10 14:40:36,454-matching.py-import_cowsFile-INFO-107-从原始文件中导入数据,原始文件是：C:\Users\runda\OneDrive - RundaTech\PortableApps\PortableApps\VSCode\data\ToolsALTA\Match_files\CYHN_全群明细_20201105.xlsx
2020-11-10 14:40:36,457-matching.py-import_cowsFile-INFO-111-pickle文件已保存：C:\Users\runda\OneDrive - RundaTech\PortableApps\PortableApps\VSCode\data\ToolsALTA\Match_files\CYHN_全群明细_20201105.pickle
2020-11-10 14:40:36,458-matching.py-import_cowsFile-INFO-112-已导入所有列
2020-11-10 14:40:36,459-matching.py-import_cowsFile-INFO-124-开始提取列...
  希望提取的列：['牛号', '月龄', '胎次', '繁殖状态', '泌乳天数', '产后天数', '空怀天数', '配种次数', '奶量1', '奶量2', '牛舍名称', '出生日期', '父亲牛号', '外祖父号', '繁殖代码', '怀孕日期', '产犊日期', '干奶日期', '配种日期', '流产日期', '与配公牛']
2020-11-10 14:40:36,459-matching.py-import_cowsFile-INFO-128-  已提取到列:牛号，文件中是：牛号
2020-11-10 14:40:36,461-matching.py-import_cowsFile-INFO-128-  已提取到列:月龄，文件中是：月龄
2020-11-10 14:40:36,461-matching.py-import_cowsFile-INFO-128-  已提取到列:胎次，文件中是：胎次
2020-11-10 14:40:36,462-matching.py-import_cowsFile-INFO-128-  已提取到列:繁殖状态，文件中是：繁殖状态
2020-11-10 14:40:36,463-matching.py-import_cowsFile-INFO-128-  已提取到列:泌乳天数，文件中是：泌乳天数
2020-11-10 14:40:36,463-matching.py-import_cowsFile-INFO-128-  已提取到列:产后天数，文件中是：产后天数
2020-11-10 14:40:36,465-matching.py-import_cowsFile-INFO-128-  已提取到列:空怀天数，文件中是：空怀天数
2020-11-10 14:40:36,466-matching.py-import_cowsFile-INFO-128-  已提取到列:配种次数，文件中是：配种次数
2020-11-10 14:40:36,466-matching.py-import_cowsFile-INFO-128-  已提取到列:奶量1，文件中是：月龄
2020-11-10 14:40:36,467-matching.py-import_cowsFile-INFO-128-  已提取到列:奶量2，文件中是：月龄
2020-11-10 14:40:36,468-matching.py-import_cowsFile-INFO-128-  已提取到列:牛舍名称，文件中是：牛舍名称
2020-11-10 14:40:36,468-matching.py-import_cowsFile-INFO-128-  已提取到列:出生日期，文件中是：出生日期
2020-11-10 14:40:36,469-matching.py-import_cowsFile-INFO-128-  已提取到列:父亲牛号，文件中是：父亲牛号
2020-11-10 14:40:36,470-matching.py-import_cowsFile-INFO-128-  已提取到列:外祖父号，文件中是：外祖父号
2020-11-10 14:40:36,471-matching.py-import_cowsFile-INFO-138-未提取到列:繁殖代码, 文件中未找到['RC', '注册号']
2020-11-10 14:40:36,472-matching.py-import_cowsFile-INFO-128-  已提取到列:怀孕日期，文件中是：怀孕日期
2020-11-10 14:40:36,473-matching.py-import_cowsFile-INFO-128-  已提取到列:产犊日期，文件中是：产犊日期
2020-11-10 14:40:36,474-matching.py-import_cowsFile-INFO-128-  已提取到列:干奶日期，文件中是：干奶日期
2020-11-10 14:40:36,474-matching.py-import_cowsFile-INFO-128-  已提取到列:配种日期，文件中是：配种日期
2020-11-10 14:40:36,475-matching.py-import_cowsFile-INFO-128-  已提取到列:流产日期，文件中是：流产日期
2020-11-10 14:40:36,476-matching.py-import_cowsFile-INFO-128-  已提取到列:与配公牛，文件中是：与配公牛
2020-11-10 14:40:36,476-matching.py-import_cowsFile-INFO-140-提取完成。
2020-11-10 14:40:36,567-matching.py-import_cowsFile-DEBUG-147-牛号             float64
月龄             float64
胎次             float64
繁殖状态            object
泌乳天数           float64
产后天数           float64
空怀天数           float64
配种次数           float64
奶量1            float64
奶量2            float64
牛舍名称            object
出生日期    datetime64[ns]
父亲牛号            object
外祖父号            object
繁殖代码             int64
怀孕日期            object
产犊日期            object
干奶日期            object
配种日期            object
流产日期            object
与配公牛            object
dtype: object
2020-11-10 14:40:36,569-matching.py-import_cowsFile-DEBUG-149-herds1 中有多少头1065
2020-11-10 14:40:36,575-matching.py-import_cowsFile-INFO-162-开始处理日期格式...转换日期格式为"【月/日/年】
2020-11-10 14:40:36,576-matching.py-import_cowsFile-INFO-165-  【出生日期】当前格式是：2011-03-25 00:00:00
2020-11-10 14:40:36,577-matching.py-import_cowsFile-INFO-168-    --第1步：转换为日期类型。
2020-11-10 14:40:36,586-matching.py-import_cowsFile-INFO-182-    --出生日期格式处理完成。现在的格式为：【03/25/2011】
2020-11-10 14:40:36,588-matching.py-import_cowsFile-INFO-165-  【怀孕日期】当前格式是：2020-06-08 00:00:00
2020-11-10 14:40:36,591-matching.py-import_cowsFile-INFO-168-    --第1步：转换为日期类型。
2020-11-10 14:40:36,600-matching.py-import_cowsFile-INFO-182-    --怀孕日期格式处理完成。现在的格式为：【06/08/2020】
2020-11-10 14:40:36,601-matching.py-import_cowsFile-INFO-165-  【产犊日期】当前格式是：2019-12-19 23:06:53
2020-11-10 14:40:36,603-matching.py-import_cowsFile-INFO-168-    --第1步：转换为日期类型。
2020-11-10 14:40:36,613-matching.py-import_cowsFile-INFO-182-    --产犊日期格式处理完成。现在的格式为：【12/19/2019】
2020-11-10 14:40:36,614-matching.py-import_cowsFile-INFO-165-  【干奶日期】当前格式是：1970-01-01 00:00:00
2020-11-10 14:40:36,616-matching.py-import_cowsFile-INFO-168-    --第1步：转换为日期类型。
2020-11-10 14:40:36,626-matching.py-import_cowsFile-INFO-182-    --干奶日期格式处理完成。现在的格式为：【01/01/1970】
2020-11-10 14:40:36,629-matching.py-import_cowsFile-INFO-165-  【配种日期】当前格式是：2020-06-08 00:00:00
2020-11-10 14:40:36,632-matching.py-import_cowsFile-INFO-168-    --第1步：转换为日期类型。
2020-11-10 14:40:36,644-matching.py-import_cowsFile-INFO-182-    --配种日期格式处理完成。现在的格式为：【06/08/2020】
2020-11-10 14:40:36,646-matching.py-import_cowsFile-INFO-165-  【流产日期】当前格式是：1970-01-01 00:00:00
2020-11-10 14:40:36,649-matching.py-import_cowsFile-INFO-168-    --第1步：转换为日期类型。
2020-11-10 14:40:36,656-matching.py-import_cowsFile-INFO-182-    --流产日期格式处理完成。现在的格式为：【01/01/1970】
2020-11-10 14:40:36,656-matching.py-import_cowsFile-DEBUG-183-牛号      float64
月龄      float64
胎次      float64
繁殖状态     object
泌乳天数    float64
产后天数    float64
空怀天数    float64
配种次数    float64
奶量1     float64
奶量2     float64
牛舍名称     object
出生日期     object
父亲牛号     object
外祖父号     object
繁殖代码      int64
怀孕日期     object
产犊日期     object
干奶日期     object
配种日期     object
流产日期     object
与配公牛     object
dtype: object
2020-11-10 14:40:36,659-matching.py-import_cowsFile-INFO-186-添加配种组列, 默认全为0
2020-11-10 14:40:36,664-matching.py-import_cowsFile-INFO-204-文件中共有牛头数：【1065】
2020-11-10 14:40:36,664-matching.py-import_cowsFile-INFO-205-数据保存中...
2020-11-10 14:40:36,685-matching.py-import_cowsFile-INFO-211-各列数据类型转换中...
2020-11-10 14:40:36,695-matching.py-import_cowsFile-DEBUG-223-牛号       int64
月龄       int64
胎次       int64
繁殖状态    object
泌乳天数     int64
产后天数     int64
空怀天数     int64
配种次数     int64
奶量1      int64
奶量2      int64
牛舍名称    object
出生日期    object
父亲牛号    object
外祖父号    object
繁殖代码     int64
怀孕日期    object
产犊日期    object
干奶日期    object
配种日期    object
流产日期    object
与配公牛    object
配种组      int32
dtype: object
2020-11-10 14:40:36,698-matching.py-import_cowsFile-INFO-224-第一步执行完成，提取的数据保存在：C:\Users\runda\OneDrive - RundaTech\PortableApps\PortableApps\VSCode\data\ToolsALTA\草原和牛_主要信息_20201110.csv

2020-11-10 14:41:12,209-log.py-<module>-DEBUG-19-TEST for logging
2020-11-10 14:41:12,799-matching.py-__init__-DEBUG-44-牛群明细文件的后缀是：XLSX
2020-11-10 14:41:12,799-matching.py-__init__-DEBUG-58-牧场的选配参数为：
  ['草原和牛', '120', '0', '0', '0', '0', '0', '0', '0', 'nothing']
2020-11-10 14:41:12,800-matching.py-import_cowsFile-INFO-75-

开始执行第一步：导入牛群明细:CYHN_全群明细_20201105.xlsx
2020-11-10 14:41:12,800-matching.py-import_cowsFile-DEBUG-77-overload: 1
2020-11-10 14:41:12,800-matching.py-import_cowsFile-DEBUG-83-文件后缀是：XLSX
2020-11-10 14:41:12,801-matching.py-import_cowsFile-DEBUG-85-文件后缀是XLSX。当前操作系统是：Windows
2020-11-10 14:41:13,669-matching.py-import_cowsFile-DEBUG-94-使用xlwings读取牛群明细, 有记录：1065条
2020-11-10 14:41:13,669-matching.py-import_cowsFile-INFO-107-从原始文件中导入数据,原始文件是：C:\Users\runda\OneDrive - RundaTech\PortableApps\PortableApps\VSCode\data\ToolsALTA\Match_files\CYHN_全群明细_20201105.xlsx
2020-11-10 14:41:13,673-matching.py-import_cowsFile-INFO-111-pickle文件已保存：C:\Users\runda\OneDrive - RundaTech\PortableApps\PortableApps\VSCode\data\ToolsALTA\Match_files\CYHN_全群明细_20201105.pickle
2020-11-10 14:41:13,674-matching.py-import_cowsFile-INFO-112-已导入所有列
2020-11-10 14:41:13,675-matching.py-import_cowsFile-INFO-124-开始提取列...
  希望提取的列：['牛号', '月龄', '胎次', '繁殖状态', '泌乳天数', '产后天数', '空怀天数', '配种次数', '奶量1', '奶量2', '牛舍名称', '出生日期', '父亲牛号', '外祖父号', '繁殖代码', '怀孕日期', '产犊日期', '干奶日期', '配种日期', '流产日期', '与配公牛']
2020-11-10 14:41:13,676-matching.py-import_cowsFile-INFO-128-  已提取到列:牛号，文件中是：牛号
2020-11-10 14:41:13,677-matching.py-import_cowsFile-INFO-128-  已提取到列:月龄，文件中是：月龄
2020-11-10 14:41:13,678-matching.py-import_cowsFile-INFO-128-  已提取到列:胎次，文件中是：胎次
2020-11-10 14:41:13,678-matching.py-import_cowsFile-INFO-128-  已提取到列:繁殖状态，文件中是：繁殖状态
2020-11-10 14:41:13,679-matching.py-import_cowsFile-INFO-128-  已提取到列:泌乳天数，文件中是：泌乳天数
2020-11-10 14:41:13,680-matching.py-import_cowsFile-INFO-128-  已提取到列:产后天数，文件中是：产后天数
2020-11-10 14:41:13,681-matching.py-import_cowsFile-INFO-128-  已提取到列:空怀天数，文件中是：空怀天数
2020-11-10 14:41:13,681-matching.py-import_cowsFile-INFO-128-  已提取到列:配种次数，文件中是：配种次数
2020-11-10 14:41:13,682-matching.py-import_cowsFile-INFO-128-  已提取到列:奶量1，文件中是：月龄
2020-11-10 14:41:13,683-matching.py-import_cowsFile-INFO-128-  已提取到列:奶量2，文件中是：月龄
2020-11-10 14:41:13,683-matching.py-import_cowsFile-INFO-128-  已提取到列:牛舍名称，文件中是：牛舍名称
2020-11-10 14:41:13,683-matching.py-import_cowsFile-INFO-128-  已提取到列:出生日期，文件中是：出生日期
2020-11-10 14:41:13,684-matching.py-import_cowsFile-INFO-128-  已提取到列:父亲牛号，文件中是：父亲牛号
2020-11-10 14:41:13,684-matching.py-import_cowsFile-INFO-128-  已提取到列:外祖父号，文件中是：外祖父号
2020-11-10 14:41:13,686-matching.py-import_cowsFile-INFO-138-未提取到列:繁殖代码, 文件中未找到['RC', '注册号']
2020-11-10 14:41:13,686-matching.py-import_cowsFile-INFO-128-  已提取到列:怀孕日期，文件中是：怀孕日期
2020-11-10 14:41:13,687-matching.py-import_cowsFile-INFO-128-  已提取到列:产犊日期，文件中是：产犊日期
2020-11-10 14:41:13,689-matching.py-import_cowsFile-INFO-128-  已提取到列:干奶日期，文件中是：干奶日期
2020-11-10 14:41:13,690-matching.py-import_cowsFile-INFO-128-  已提取到列:配种日期，文件中是：配种日期
2020-11-10 14:41:13,691-matching.py-import_cowsFile-INFO-128-  已提取到列:流产日期，文件中是：流产日期
2020-11-10 14:41:13,691-matching.py-import_cowsFile-INFO-128-  已提取到列:与配公牛，文件中是：与配公牛
2020-11-10 14:41:13,692-matching.py-import_cowsFile-INFO-140-提取完成。
2020-11-10 14:41:13,782-matching.py-import_cowsFile-DEBUG-147-牛号             float64
月龄             float64
胎次             float64
繁殖状态            object
泌乳天数           float64
产后天数           float64
空怀天数           float64
配种次数           float64
奶量1            float64
奶量2            float64
牛舍名称            object
出生日期    datetime64[ns]
父亲牛号            object
外祖父号            object
繁殖代码             int64
怀孕日期            object
产犊日期            object
干奶日期            object
配种日期            object
流产日期            object
与配公牛            object
dtype: object
2020-11-10 14:41:13,785-matching.py-import_cowsFile-DEBUG-149-herds1 中有多少头1065
2020-11-10 14:41:13,790-matching.py-import_cowsFile-INFO-162-开始处理日期格式...转换日期格式为"【月/日/年】
2020-11-10 14:41:13,790-matching.py-import_cowsFile-INFO-165-  【出生日期】当前格式是：2011-03-25 00:00:00
2020-11-10 14:41:13,792-matching.py-import_cowsFile-INFO-168-    --第1步：转换为日期类型。
2020-11-10 14:41:13,799-matching.py-import_cowsFile-INFO-182-    --出生日期格式处理完成。现在的格式为：【03/25/2011】
2020-11-10 14:41:13,801-matching.py-import_cowsFile-INFO-165-  【怀孕日期】当前格式是：2020-06-08 00:00:00
2020-11-10 14:41:13,802-matching.py-import_cowsFile-INFO-168-    --第1步：转换为日期类型。
2020-11-10 14:41:13,817-matching.py-import_cowsFile-INFO-182-    --怀孕日期格式处理完成。现在的格式为：【06/08/2020】
2020-11-10 14:41:13,828-matching.py-import_cowsFile-INFO-165-  【产犊日期】当前格式是：2019-12-19 23:06:53
2020-11-10 14:41:13,831-matching.py-import_cowsFile-INFO-168-    --第1步：转换为日期类型。
2020-11-10 14:41:13,847-matching.py-import_cowsFile-INFO-182-    --产犊日期格式处理完成。现在的格式为：【12/19/2019】
2020-11-10 14:41:13,849-matching.py-import_cowsFile-INFO-165-  【干奶日期】当前格式是：1970-01-01 00:00:00
2020-11-10 14:41:13,852-matching.py-import_cowsFile-INFO-168-    --第1步：转换为日期类型。
2020-11-10 14:41:13,860-matching.py-import_cowsFile-INFO-182-    --干奶日期格式处理完成。现在的格式为：【01/01/1970】
2020-11-10 14:41:13,862-matching.py-import_cowsFile-INFO-165-  【配种日期】当前格式是：2020-06-08 00:00:00
2020-11-10 14:41:13,866-matching.py-import_cowsFile-INFO-168-    --第1步：转换为日期类型。
2020-11-10 14:41:13,874-matching.py-import_cowsFile-INFO-182-    --配种日期格式处理完成。现在的格式为：【06/08/2020】
2020-11-10 14:41:13,875-matching.py-import_cowsFile-INFO-165-  【流产日期】当前格式是：1970-01-01 00:00:00
2020-11-10 14:41:13,877-matching.py-import_cowsFile-INFO-168-    --第1步：转换为日期类型。
2020-11-10 14:41:13,885-matching.py-import_cowsFile-INFO-182-    --流产日期格式处理完成。现在的格式为：【01/01/1970】
2020-11-10 14:41:13,886-matching.py-import_cowsFile-DEBUG-183-牛号      float64
月龄      float64
胎次      float64
繁殖状态     object
泌乳天数    float64
产后天数    float64
空怀天数    float64
配种次数    float64
奶量1     float64
奶量2     float64
牛舍名称     object
出生日期     object
父亲牛号     object
外祖父号     object
繁殖代码      int64
怀孕日期     object
产犊日期     object
干奶日期     object
配种日期     object
流产日期     object
与配公牛     object
dtype: object
2020-11-10 14:41:13,889-matching.py-import_cowsFile-INFO-186-添加配种组列, 默认全为0
2020-11-10 14:41:13,893-matching.py-import_cowsFile-INFO-204-文件中共有牛头数：【1065】
2020-11-10 14:41:13,893-matching.py-import_cowsFile-INFO-205-数据保存中...
2020-11-10 14:41:13,915-matching.py-import_cowsFile-INFO-211-各列数据类型转换中...
2020-11-10 14:41:13,924-matching.py-import_cowsFile-DEBUG-223-牛号       int64
月龄       int64
胎次       int64
繁殖状态    object
泌乳天数     int64
产后天数     int64
空怀天数     int64
配种次数     int64
奶量1      int64
奶量2      int64
牛舍名称    object
出生日期    object
父亲牛号    object
外祖父号    object
繁殖代码     int64
怀孕日期    object
产犊日期    object
干奶日期    object
配种日期    object
流产日期    object
与配公牛    object
配种组      int32
dtype: object
2020-11-10 14:41:13,926-matching.py-import_cowsFile-INFO-224-第一步执行完成，提取的数据保存在：C:\Users\runda\OneDrive - RundaTech\PortableApps\PortableApps\VSCode\data\ToolsALTA\草原和牛_主要信息_20201110.csv

2020-11-10 14:53:16,493-log.py-<module>-DEBUG-19-TEST for logging
2020-11-10 14:53:18,147-matching.py-__init__-DEBUG-44-牛群明细文件的后缀是：XLSX
2020-11-10 14:53:18,149-matching.py-__init__-DEBUG-58-牧场的选配参数为：
  ['草原和牛', '120', '0', '0', '0', '0', '0', '0', '0', 'nothing']
2020-11-10 14:53:18,149-matching.py-import_cowsFile-INFO-75-

开始执行第一步：导入牛群明细:CYHN_全群明细_20201105.xlsx
2020-11-10 14:53:18,149-matching.py-import_cowsFile-DEBUG-77-overload: 1
2020-11-10 14:53:18,150-matching.py-import_cowsFile-DEBUG-83-文件后缀是：XLSX
2020-11-10 14:53:18,150-matching.py-import_cowsFile-DEBUG-85-文件后缀是XLSX。当前操作系统是：Windows
2020-11-10 14:53:19,339-matching.py-import_cowsFile-DEBUG-94-使用xlwings读取牛群明细, 有记录：1066条
2020-11-10 14:53:19,339-matching.py-import_cowsFile-INFO-107-从原始文件中导入数据,原始文件是：C:\Users\runda\OneDrive - RundaTech\PortableApps\PortableApps\VSCode\data\ToolsALTA\Match_files\CYHN_全群明细_20201105.xlsx
2020-11-10 14:53:19,352-matching.py-import_cowsFile-INFO-111-pickle文件已保存：C:\Users\runda\OneDrive - RundaTech\PortableApps\PortableApps\VSCode\data\ToolsALTA\Match_files\CYHN_全群明细_20201105.pickle
2020-11-10 14:53:19,353-matching.py-import_cowsFile-INFO-112-已导入所有列
2020-11-10 14:53:19,355-matching.py-import_cowsFile-INFO-124-开始提取列...
  希望提取的列：['牛号', '月龄', '胎次', '繁殖状态', '泌乳天数', '产后天数', '空怀天数', '配种次数', '奶量1', '奶量2', '牛舍名称', '出生日期', '父亲牛号', '外祖父号', '繁殖代码', '怀孕日期', '产犊日期', '干奶日期', '配种日期', '流产日期', '与配公牛']
2020-11-10 14:53:19,356-matching.py-import_cowsFile-INFO-128-  已提取到列:牛号，文件中是：牛号
2020-11-10 14:53:19,360-matching.py-import_cowsFile-INFO-128-  已提取到列:月龄，文件中是：月龄
2020-11-10 14:53:19,360-matching.py-import_cowsFile-INFO-128-  已提取到列:胎次，文件中是：胎次
2020-11-10 14:53:19,361-matching.py-import_cowsFile-INFO-128-  已提取到列:繁殖状态，文件中是：繁殖状态
2020-11-10 14:53:19,362-matching.py-import_cowsFile-INFO-128-  已提取到列:泌乳天数，文件中是：泌乳天数
2020-11-10 14:53:19,363-matching.py-import_cowsFile-INFO-128-  已提取到列:产后天数，文件中是：产后天数
2020-11-10 14:53:19,363-matching.py-import_cowsFile-INFO-128-  已提取到列:空怀天数，文件中是：空怀天数
2020-11-10 14:53:19,364-matching.py-import_cowsFile-INFO-128-  已提取到列:配种次数，文件中是：配种次数
2020-11-10 14:53:19,365-matching.py-import_cowsFile-INFO-128-  已提取到列:奶量1，文件中是：月龄
2020-11-10 14:53:19,365-matching.py-import_cowsFile-INFO-128-  已提取到列:奶量2，文件中是：月龄
2020-11-10 14:53:19,366-matching.py-import_cowsFile-INFO-128-  已提取到列:牛舍名称，文件中是：牛舍名称
2020-11-10 14:53:19,367-matching.py-import_cowsFile-INFO-128-  已提取到列:出生日期，文件中是：出生日期
2020-11-10 14:53:19,368-matching.py-import_cowsFile-INFO-128-  已提取到列:父亲牛号，文件中是：父亲牛号
2020-11-10 14:53:19,368-matching.py-import_cowsFile-INFO-128-  已提取到列:外祖父号，文件中是：外祖父号
2020-11-10 14:53:19,369-matching.py-import_cowsFile-INFO-138-未提取到列:繁殖代码, 文件中未找到['RC', '注册号']
2020-11-10 14:53:19,371-matching.py-import_cowsFile-INFO-128-  已提取到列:怀孕日期，文件中是：怀孕日期
2020-11-10 14:53:19,372-matching.py-import_cowsFile-INFO-128-  已提取到列:产犊日期，文件中是：产犊日期
2020-11-10 14:53:19,373-matching.py-import_cowsFile-INFO-128-  已提取到列:干奶日期，文件中是：干奶日期
2020-11-10 14:53:19,374-matching.py-import_cowsFile-INFO-128-  已提取到列:配种日期，文件中是：配种日期
2020-11-10 14:53:19,374-matching.py-import_cowsFile-INFO-128-  已提取到列:流产日期，文件中是：流产日期
2020-11-10 14:53:19,376-matching.py-import_cowsFile-INFO-128-  已提取到列:与配公牛，文件中是：与配公牛
2020-11-10 14:53:19,377-matching.py-import_cowsFile-INFO-140-提取完成。
2020-11-10 14:53:19,471-matching.py-import_cowsFile-DEBUG-147-牛号             float64
月龄             float64
胎次             float64
繁殖状态            object
泌乳天数           float64
产后天数           float64
空怀天数           float64
配种次数           float64
奶量1            float64
奶量2            float64
牛舍名称            object
出生日期    datetime64[ns]
父亲牛号            object
外祖父号            object
繁殖代码             int64
怀孕日期            object
产犊日期            object
干奶日期            object
配种日期            object
流产日期            object
与配公牛            object
dtype: object
2020-11-10 14:53:19,474-matching.py-import_cowsFile-DEBUG-149-herds1 中有多少头1066
2020-11-10 14:53:19,484-matching.py-import_cowsFile-INFO-157-去除重空耳号记录有：1条
2020-11-10 14:53:19,485-matching.py-import_cowsFile-INFO-162-开始处理日期格式...转换日期格式为"【月/日/年】
2020-11-10 14:53:19,486-matching.py-import_cowsFile-INFO-165-  【出生日期】当前格式是：2011-03-25 00:00:00
2020-11-10 14:53:19,489-matching.py-import_cowsFile-INFO-168-    --第1步：转换为日期类型。
2020-11-10 14:53:19,498-matching.py-import_cowsFile-INFO-182-    --出生日期格式处理完成。现在的格式为：【03/25/2011】
2020-11-10 14:53:19,500-matching.py-import_cowsFile-INFO-165-  【怀孕日期】当前格式是：2020-06-08 00:00:00
2020-11-10 14:53:19,502-matching.py-import_cowsFile-INFO-168-    --第1步：转换为日期类型。
2020-11-10 14:53:19,512-matching.py-import_cowsFile-INFO-182-    --怀孕日期格式处理完成。现在的格式为：【06/08/2020】
2020-11-10 14:53:19,513-matching.py-import_cowsFile-INFO-165-  【产犊日期】当前格式是：2019-12-19 23:06:53
2020-11-10 14:53:19,514-matching.py-import_cowsFile-INFO-168-    --第1步：转换为日期类型。
2020-11-10 14:53:19,523-matching.py-import_cowsFile-INFO-182-    --产犊日期格式处理完成。现在的格式为：【12/19/2019】
2020-11-10 14:53:19,525-matching.py-import_cowsFile-INFO-165-  【干奶日期】当前格式是：1970-01-01 00:00:00
2020-11-10 14:53:19,527-matching.py-import_cowsFile-INFO-168-    --第1步：转换为日期类型。
2020-11-10 14:53:19,536-matching.py-import_cowsFile-INFO-182-    --干奶日期格式处理完成。现在的格式为：【01/01/1970】
2020-11-10 14:53:19,538-matching.py-import_cowsFile-INFO-165-  【配种日期】当前格式是：2020-06-08 00:00:00
2020-11-10 14:53:19,541-matching.py-import_cowsFile-INFO-168-    --第1步：转换为日期类型。
2020-11-10 14:53:19,549-matching.py-import_cowsFile-INFO-182-    --配种日期格式处理完成。现在的格式为：【06/08/2020】
2020-11-10 14:53:19,550-matching.py-import_cowsFile-INFO-165-  【流产日期】当前格式是：1970-01-01 00:00:00
2020-11-10 14:53:19,552-matching.py-import_cowsFile-INFO-168-    --第1步：转换为日期类型。
2020-11-10 14:53:19,560-matching.py-import_cowsFile-INFO-182-    --流产日期格式处理完成。现在的格式为：【01/01/1970】
2020-11-10 14:53:19,561-matching.py-import_cowsFile-DEBUG-183-牛号      float64
月龄      float64
胎次      float64
繁殖状态     object
泌乳天数    float64
产后天数    float64
空怀天数    float64
配种次数    float64
奶量1     float64
奶量2     float64
牛舍名称     object
出生日期     object
父亲牛号     object
外祖父号     object
繁殖代码      int64
怀孕日期     object
产犊日期     object
干奶日期     object
配种日期     object
流产日期     object
与配公牛     object
dtype: object
2020-11-10 14:53:19,564-matching.py-import_cowsFile-INFO-186-添加配种组列, 默认全为0
2020-11-10 14:53:19,570-matching.py-import_cowsFile-INFO-204-文件中共有牛头数：【1065】
2020-11-10 14:53:19,570-matching.py-import_cowsFile-INFO-205-数据保存中...
2020-11-10 14:53:19,593-matching.py-import_cowsFile-INFO-211-各列数据类型转换中...
2020-11-10 14:53:19,601-matching.py-import_cowsFile-DEBUG-223-牛号       int64
月龄       int64
胎次       int64
繁殖状态    object
泌乳天数     int64
产后天数     int64
空怀天数     int64
配种次数     int64
奶量1      int64
奶量2      int64
牛舍名称    object
出生日期    object
父亲牛号    object
外祖父号    object
繁殖代码     int64
怀孕日期    object
产犊日期    object
干奶日期    object
配种日期    object
流产日期    object
与配公牛    object
配种组      int32
dtype: object
2020-11-10 14:53:19,604-matching.py-import_cowsFile-INFO-224-第一步执行完成，提取的数据保存在：C:\Users\runda\OneDrive - RundaTech\PortableApps\PortableApps\VSCode\data\ToolsALTA\草原和牛_主要信息_20201110.csv

2020-11-10 14:54:02,446-log.py-<module>-DEBUG-19-TEST for logging
2020-11-10 14:54:03,050-matching.py-__init__-DEBUG-44-牛群明细文件的后缀是：XLSX
2020-11-10 14:54:03,051-matching.py-__init__-DEBUG-58-牧场的选配参数为：
  ['草原和牛', '120', '0', '0', '0', '0', '0', '0', '0', 'nothing']
2020-11-10 14:54:03,052-matching.py-import_cowsFile-INFO-75-

开始执行第一步：导入牛群明细:CYHN_全群明细_20201105.xlsx
2020-11-10 14:54:03,053-matching.py-import_cowsFile-DEBUG-77-overload: 1
2020-11-10 14:54:03,054-matching.py-import_cowsFile-DEBUG-83-文件后缀是：XLSX
2020-11-10 14:54:03,054-matching.py-import_cowsFile-DEBUG-85-文件后缀是XLSX。当前操作系统是：Windows
2020-11-10 14:54:05,019-matching.py-import_cowsFile-DEBUG-94-使用xlwings读取牛群明细, 有记录：1066条
2020-11-10 14:54:05,019-matching.py-import_cowsFile-INFO-107-从原始文件中导入数据,原始文件是：C:\Users\runda\OneDrive - RundaTech\PortableApps\PortableApps\VSCode\data\ToolsALTA\Match_files\CYHN_全群明细_20201105.xlsx
2020-11-10 14:54:05,023-matching.py-import_cowsFile-INFO-111-pickle文件已保存：C:\Users\runda\OneDrive - RundaTech\PortableApps\PortableApps\VSCode\data\ToolsALTA\Match_files\CYHN_全群明细_20201105.pickle
2020-11-10 14:54:05,024-matching.py-import_cowsFile-INFO-112-已导入所有列
2020-11-10 14:54:05,025-matching.py-import_cowsFile-INFO-124-开始提取列...
  希望提取的列：['牛号', '月龄', '胎次', '繁殖状态', '泌乳天数', '产后天数', '空怀天数', '配种次数', '奶量1', '奶量2', '牛舍名称', '出生日期', '父亲牛号', '外祖父号', '繁殖代码', '怀孕日期', '产犊日期', '干奶日期', '配种日期', '流产日期', '与配公牛']
2020-11-10 14:54:05,026-matching.py-import_cowsFile-INFO-128-  已提取到列:牛号，文件中是：牛号
2020-11-10 14:54:05,027-matching.py-import_cowsFile-INFO-128-  已提取到列:月龄，文件中是：月龄
2020-11-10 14:54:05,028-matching.py-import_cowsFile-INFO-128-  已提取到列:胎次，文件中是：胎次
2020-11-10 14:54:05,029-matching.py-import_cowsFile-INFO-128-  已提取到列:繁殖状态，文件中是：繁殖状态
2020-11-10 14:54:05,030-matching.py-import_cowsFile-INFO-128-  已提取到列:泌乳天数，文件中是：泌乳天数
2020-11-10 14:54:05,031-matching.py-import_cowsFile-INFO-128-  已提取到列:产后天数，文件中是：产后天数
2020-11-10 14:54:05,031-matching.py-import_cowsFile-INFO-128-  已提取到列:空怀天数，文件中是：空怀天数
2020-11-10 14:54:05,032-matching.py-import_cowsFile-INFO-128-  已提取到列:配种次数，文件中是：配种次数
2020-11-10 14:54:05,034-matching.py-import_cowsFile-INFO-128-  已提取到列:奶量1，文件中是：月龄
2020-11-10 14:54:05,034-matching.py-import_cowsFile-INFO-128-  已提取到列:奶量2，文件中是：月龄
2020-11-10 14:54:05,035-matching.py-import_cowsFile-INFO-128-  已提取到列:牛舍名称，文件中是：牛舍名称
2020-11-10 14:54:05,036-matching.py-import_cowsFile-INFO-128-  已提取到列:出生日期，文件中是：出生日期
2020-11-10 14:54:05,037-matching.py-import_cowsFile-INFO-128-  已提取到列:父亲牛号，文件中是：父亲牛号
2020-11-10 14:54:05,038-matching.py-import_cowsFile-INFO-128-  已提取到列:外祖父号，文件中是：外祖父号
2020-11-10 14:54:05,039-matching.py-import_cowsFile-INFO-138-未提取到列:繁殖代码, 文件中未找到['RC', '注册号']
2020-11-10 14:54:05,041-matching.py-import_cowsFile-INFO-128-  已提取到列:怀孕日期，文件中是：怀孕日期
2020-11-10 14:54:05,042-matching.py-import_cowsFile-INFO-128-  已提取到列:产犊日期，文件中是：产犊日期
2020-11-10 14:54:05,042-matching.py-import_cowsFile-INFO-128-  已提取到列:干奶日期，文件中是：干奶日期
2020-11-10 14:54:05,111-matching.py-import_cowsFile-INFO-128-  已提取到列:配种日期，文件中是：配种日期
2020-11-10 14:54:05,111-matching.py-import_cowsFile-INFO-128-  已提取到列:流产日期，文件中是：流产日期
2020-11-10 14:54:05,112-matching.py-import_cowsFile-INFO-128-  已提取到列:与配公牛，文件中是：与配公牛
2020-11-10 14:54:05,113-matching.py-import_cowsFile-INFO-140-提取完成。
2020-11-10 14:54:05,197-matching.py-import_cowsFile-DEBUG-147-牛号             float64
月龄             float64
胎次             float64
繁殖状态            object
泌乳天数           float64
产后天数           float64
空怀天数           float64
配种次数           float64
奶量1            float64
奶量2            float64
牛舍名称            object
出生日期    datetime64[ns]
父亲牛号            object
外祖父号            object
繁殖代码             int64
怀孕日期            object
产犊日期            object
干奶日期            object
配种日期            object
流产日期            object
与配公牛            object
dtype: object
2020-11-10 14:54:05,200-matching.py-import_cowsFile-DEBUG-149-herds1 中有多少头1066
2020-11-10 14:54:05,206-matching.py-import_cowsFile-INFO-153-去除重复耳号记录有：1条
2020-11-10 14:54:05,209-matching.py-import_cowsFile-INFO-157-去除重空耳号记录有：1条
2020-11-10 14:54:05,209-matching.py-import_cowsFile-INFO-162-开始处理日期格式...转换日期格式为"【月/日/年】
2020-11-10 14:54:05,210-matching.py-import_cowsFile-INFO-165-  【出生日期】当前格式是：2011-03-25 00:00:00
2020-11-10 14:54:05,212-matching.py-import_cowsFile-INFO-168-    --第1步：转换为日期类型。
2020-11-10 14:54:05,222-matching.py-import_cowsFile-INFO-182-    --出生日期格式处理完成。现在的格式为：【03/25/2011】
2020-11-10 14:54:05,224-matching.py-import_cowsFile-INFO-165-  【怀孕日期】当前格式是：2020-06-08 00:00:00
2020-11-10 14:54:05,226-matching.py-import_cowsFile-INFO-168-    --第1步：转换为日期类型。
2020-11-10 14:54:05,234-matching.py-import_cowsFile-INFO-182-    --怀孕日期格式处理完成。现在的格式为：【06/08/2020】
2020-11-10 14:54:05,235-matching.py-import_cowsFile-INFO-165-  【产犊日期】当前格式是：2019-12-19 23:06:53
2020-11-10 14:54:05,237-matching.py-import_cowsFile-INFO-168-    --第1步：转换为日期类型。
2020-11-10 14:54:05,246-matching.py-import_cowsFile-INFO-182-    --产犊日期格式处理完成。现在的格式为：【12/19/2019】
2020-11-10 14:54:05,248-matching.py-import_cowsFile-INFO-165-  【干奶日期】当前格式是：1970-01-01 00:00:00
2020-11-10 14:54:05,251-matching.py-import_cowsFile-INFO-168-    --第1步：转换为日期类型。
2020-11-10 14:54:05,261-matching.py-import_cowsFile-INFO-182-    --干奶日期格式处理完成。现在的格式为：【01/01/1970】
2020-11-10 14:54:05,262-matching.py-import_cowsFile-INFO-165-  【配种日期】当前格式是：2020-06-08 00:00:00
2020-11-10 14:54:05,264-matching.py-import_cowsFile-INFO-168-    --第1步：转换为日期类型。
2020-11-10 14:54:05,273-matching.py-import_cowsFile-INFO-182-    --配种日期格式处理完成。现在的格式为：【06/08/2020】
2020-11-10 14:54:05,275-matching.py-import_cowsFile-INFO-165-  【流产日期】当前格式是：1970-01-01 00:00:00
2020-11-10 14:54:05,276-matching.py-import_cowsFile-INFO-168-    --第1步：转换为日期类型。
2020-11-10 14:54:05,284-matching.py-import_cowsFile-INFO-182-    --流产日期格式处理完成。现在的格式为：【01/01/1970】
2020-11-10 14:54:05,286-matching.py-import_cowsFile-DEBUG-183-牛号      float64
月龄      float64
胎次      float64
繁殖状态     object
泌乳天数    float64
产后天数    float64
空怀天数    float64
配种次数    float64
奶量1     float64
奶量2     float64
牛舍名称     object
出生日期     object
父亲牛号     object
外祖父号     object
繁殖代码      int64
怀孕日期     object
产犊日期     object
干奶日期     object
配种日期     object
流产日期     object
与配公牛     object
dtype: object
2020-11-10 14:54:05,291-matching.py-import_cowsFile-INFO-186-添加配种组列, 默认全为0
2020-11-10 14:54:05,296-matching.py-import_cowsFile-INFO-204-文件中共有牛头数：【1064】
2020-11-10 14:54:05,296-matching.py-import_cowsFile-INFO-205-数据保存中...
2020-11-10 14:54:05,378-matching.py-import_cowsFile-INFO-211-各列数据类型转换中...
2020-11-10 14:54:05,386-matching.py-import_cowsFile-DEBUG-223-牛号       int64
月龄       int64
胎次       int64
繁殖状态    object
泌乳天数     int64
产后天数     int64
空怀天数     int64
配种次数     int64
奶量1      int64
奶量2      int64
牛舍名称    object
出生日期    object
父亲牛号    object
外祖父号    object
繁殖代码     int64
怀孕日期    object
产犊日期    object
干奶日期    object
配种日期    object
流产日期    object
与配公牛    object
配种组      int32
dtype: object
2020-11-10 14:54:05,387-matching.py-import_cowsFile-INFO-224-第一步执行完成，提取的数据保存在：C:\Users\runda\OneDrive - RundaTech\PortableApps\PortableApps\VSCode\data\ToolsALTA\草原和牛_主要信息_20201110.csv

2020-11-10 15:11:49,096-log.py-<module>-DEBUG-19-TEST for logging
2020-11-10 15:11:49,929-matching.py-__init__-DEBUG-44-牛群明细文件的后缀是：XLSX
2020-11-10 15:11:49,929-matching.py-__init__-DEBUG-58-牧场的选配参数为：
  ['草原和牛', '120', '0', '0', '0', '0', '0', '0', '0', 'nothing']
2020-11-10 15:11:49,930-matching.py-import_cowsFile-INFO-75-

开始执行第一步：导入牛群明细:CYHN_全群明细_20201105.xlsx
2020-11-10 15:11:49,930-matching.py-import_cowsFile-DEBUG-77-overload: 1
2020-11-10 15:11:49,931-matching.py-import_cowsFile-DEBUG-83-文件后缀是：XLSX
2020-11-10 15:11:49,931-matching.py-import_cowsFile-DEBUG-85-文件后缀是XLSX。当前操作系统是：Windows
2020-11-10 15:11:50,893-matching.py-import_cowsFile-DEBUG-94-使用xlwings读取牛群明细, 有记录：1066条
2020-11-10 15:11:50,893-matching.py-import_cowsFile-INFO-107-从原始文件中导入数据,原始文件是：C:\Users\runda\OneDrive - RundaTech\PortableApps\PortableApps\VSCode\data\ToolsALTA\Match_files\CYHN_全群明细_20201105.xlsx
2020-11-10 15:11:50,897-matching.py-import_cowsFile-INFO-111-pickle文件已保存：C:\Users\runda\OneDrive - RundaTech\PortableApps\PortableApps\VSCode\data\ToolsALTA\Match_files\CYHN_全群明细_20201105.pickle
2020-11-10 15:11:50,898-matching.py-import_cowsFile-INFO-112-已导入所有列
2020-11-10 15:11:50,900-matching.py-import_cowsFile-INFO-124-开始提取列...
  希望提取的列：['牛号', '月龄', '胎次', '繁殖状态', '泌乳天数', '产后天数', '空怀天数', '配种次数', '奶量1', '奶量2', '牛舍名称', '出生日期', '父亲牛号', '外祖父号', '繁殖代码', '怀孕日期', '产犊日期', '干奶日期', '配种日期', '流产日期', '与配公牛']
2020-11-10 15:11:50,900-matching.py-import_cowsFile-INFO-128-  已提取到列:牛号，文件中是：牛号
2020-11-10 15:11:50,902-matching.py-import_cowsFile-INFO-128-  已提取到列:月龄，文件中是：月龄
2020-11-10 15:11:50,902-matching.py-import_cowsFile-INFO-128-  已提取到列:胎次，文件中是：胎次
2020-11-10 15:11:50,903-matching.py-import_cowsFile-INFO-128-  已提取到列:繁殖状态，文件中是：繁殖状态
2020-11-10 15:11:50,904-matching.py-import_cowsFile-INFO-128-  已提取到列:泌乳天数，文件中是：泌乳天数
2020-11-10 15:11:50,905-matching.py-import_cowsFile-INFO-128-  已提取到列:产后天数，文件中是：产后天数
2020-11-10 15:11:50,906-matching.py-import_cowsFile-INFO-128-  已提取到列:空怀天数，文件中是：空怀天数
2020-11-10 15:11:50,907-matching.py-import_cowsFile-INFO-128-  已提取到列:配种次数，文件中是：配种次数
2020-11-10 15:11:50,908-matching.py-import_cowsFile-INFO-128-  已提取到列:奶量1，文件中是：月龄
2020-11-10 15:11:50,908-matching.py-import_cowsFile-INFO-128-  已提取到列:奶量2，文件中是：月龄
2020-11-10 15:11:50,908-matching.py-import_cowsFile-INFO-128-  已提取到列:牛舍名称，文件中是：牛舍名称
2020-11-10 15:11:50,909-matching.py-import_cowsFile-INFO-128-  已提取到列:出生日期，文件中是：出生日期
2020-11-10 15:11:50,910-matching.py-import_cowsFile-INFO-128-  已提取到列:父亲牛号，文件中是：父亲牛号
2020-11-10 15:11:50,912-matching.py-import_cowsFile-INFO-128-  已提取到列:外祖父号，文件中是：外祖父号
2020-11-10 15:11:50,912-matching.py-import_cowsFile-INFO-138-未提取到列:繁殖代码, 文件中未找到['RC', '注册号']
2020-11-10 15:11:50,913-matching.py-import_cowsFile-INFO-128-  已提取到列:怀孕日期，文件中是：怀孕日期
2020-11-10 15:11:50,914-matching.py-import_cowsFile-INFO-128-  已提取到列:产犊日期，文件中是：产犊日期
2020-11-10 15:11:50,915-matching.py-import_cowsFile-INFO-128-  已提取到列:干奶日期，文件中是：干奶日期
2020-11-10 15:11:50,915-matching.py-import_cowsFile-INFO-128-  已提取到列:配种日期，文件中是：配种日期
2020-11-10 15:11:50,916-matching.py-import_cowsFile-INFO-128-  已提取到列:流产日期，文件中是：流产日期
2020-11-10 15:11:50,917-matching.py-import_cowsFile-INFO-128-  已提取到列:与配公牛，文件中是：与配公牛
2020-11-10 15:11:50,917-matching.py-import_cowsFile-INFO-140-提取完成。
2020-11-10 15:11:51,010-matching.py-import_cowsFile-DEBUG-147-牛号             float64
月龄             float64
胎次             float64
繁殖状态            object
泌乳天数           float64
产后天数           float64
空怀天数           float64
配种次数           float64
奶量1            float64
奶量2            float64
牛舍名称            object
出生日期    datetime64[ns]
父亲牛号            object
外祖父号            object
繁殖代码             int64
怀孕日期            object
产犊日期            object
干奶日期            object
配种日期            object
流产日期            object
与配公牛            object
dtype: object
2020-11-10 15:11:51,013-matching.py-import_cowsFile-DEBUG-149-herds1 中有多少头1066
2020-11-10 15:11:51,018-matching.py-import_cowsFile-INFO-153-去除重复耳号记录有：1条
2020-11-10 15:11:51,021-matching.py-import_cowsFile-INFO-157-去除重空耳号记录有：1条
2020-11-10 15:11:51,021-matching.py-import_cowsFile-INFO-162-开始处理日期格式...转换日期格式为"【月/日/年】
2020-11-10 15:11:51,022-matching.py-import_cowsFile-INFO-165-  【出生日期】当前格式是：2011-03-25 00:00:00
2020-11-10 15:11:51,023-matching.py-import_cowsFile-INFO-168-    --第1步：转换为日期类型。
2020-11-10 15:11:51,031-matching.py-import_cowsFile-INFO-182-    --出生日期格式处理完成。现在的格式为：【03/25/2011】
2020-11-10 15:11:51,032-matching.py-import_cowsFile-INFO-165-  【怀孕日期】当前格式是：2020-06-08 00:00:00
2020-11-10 15:11:51,034-matching.py-import_cowsFile-INFO-168-    --第1步：转换为日期类型。
2020-11-10 15:11:51,042-matching.py-import_cowsFile-INFO-182-    --怀孕日期格式处理完成。现在的格式为：【06/08/2020】
2020-11-10 15:11:51,044-matching.py-import_cowsFile-INFO-165-  【产犊日期】当前格式是：2019-12-19 23:06:53
2020-11-10 15:11:51,046-matching.py-import_cowsFile-INFO-168-    --第1步：转换为日期类型。
2020-11-10 15:11:51,056-matching.py-import_cowsFile-INFO-182-    --产犊日期格式处理完成。现在的格式为：【12/19/2019】
2020-11-10 15:11:51,059-matching.py-import_cowsFile-INFO-165-  【干奶日期】当前格式是：1970-01-01 00:00:00
2020-11-10 15:11:51,060-matching.py-import_cowsFile-INFO-168-    --第1步：转换为日期类型。
2020-11-10 15:11:51,068-matching.py-import_cowsFile-INFO-182-    --干奶日期格式处理完成。现在的格式为：【01/01/1970】
2020-11-10 15:11:51,071-matching.py-import_cowsFile-INFO-165-  【配种日期】当前格式是：2020-06-08 00:00:00
2020-11-10 15:11:51,075-matching.py-import_cowsFile-INFO-168-    --第1步：转换为日期类型。
2020-11-10 15:11:51,082-matching.py-import_cowsFile-INFO-182-    --配种日期格式处理完成。现在的格式为：【06/08/2020】
2020-11-10 15:11:51,084-matching.py-import_cowsFile-INFO-165-  【流产日期】当前格式是：1970-01-01 00:00:00
2020-11-10 15:11:51,086-matching.py-import_cowsFile-INFO-168-    --第1步：转换为日期类型。
2020-11-10 15:11:51,095-matching.py-import_cowsFile-INFO-182-    --流产日期格式处理完成。现在的格式为：【01/01/1970】
2020-11-10 15:11:51,096-matching.py-import_cowsFile-DEBUG-183-牛号      float64
月龄      float64
胎次      float64
繁殖状态     object
泌乳天数    float64
产后天数    float64
空怀天数    float64
配种次数    float64
奶量1     float64
奶量2     float64
牛舍名称     object
出生日期     object
父亲牛号     object
外祖父号     object
繁殖代码      int64
怀孕日期     object
产犊日期     object
干奶日期     object
配种日期     object
流产日期     object
与配公牛     object
dtype: object
2020-11-10 15:11:51,099-matching.py-import_cowsFile-INFO-186-添加配种组列, 默认全为0
2020-11-10 15:11:51,107-matching.py-import_cowsFile-INFO-204-文件中共有牛头数：【1064】
2020-11-10 15:11:51,107-matching.py-import_cowsFile-INFO-205-数据保存中...
2020-11-10 15:11:51,128-matching.py-import_cowsFile-INFO-212-各列数据类型转换中...
2020-11-10 15:11:51,146-matching.py-import_cowsFile-DEBUG-225-牛号       int64
月龄       int64
胎次       int64
繁殖状态    object
泌乳天数     int64
产后天数     int64
空怀天数     int64
配种次数     int64
奶量1      int64
奶量2      int64
牛舍名称    object
出生日期    object
父亲牛号    object
外祖父号    object
繁殖代码     int64
怀孕日期    object
产犊日期    object
干奶日期    object
配种日期    object
流产日期    object
与配公牛    object
配种组      int32
dtype: object
2020-11-10 15:11:51,148-matching.py-import_cowsFile-INFO-226-第一步执行完成，提取的数据保存在：C:\Users\runda\OneDrive - RundaTech\PortableApps\PortableApps\VSCode\data\ToolsALTA\草原和牛_主要信息_20201110.csv

2020-11-10 15:13:21,394-log.py-<module>-DEBUG-19-TEST for logging
2020-11-10 15:13:22,011-matching.py-__init__-DEBUG-44-牛群明细文件的后缀是：XLSX
2020-11-10 15:13:22,012-matching.py-__init__-DEBUG-58-牧场的选配参数为：
  ['草原和牛', '120', '0', '0', '0', '0', '0', '0', '0', 'nothing']
2020-11-10 15:13:22,013-matching.py-import_cowsFile-INFO-75-

开始执行第一步：导入牛群明细:CYHN_全群明细_20201105.xlsx
2020-11-10 15:13:22,013-matching.py-import_cowsFile-DEBUG-77-overload: 1
2020-11-10 15:13:22,013-matching.py-import_cowsFile-DEBUG-83-文件后缀是：XLSX
2020-11-10 15:13:22,014-matching.py-import_cowsFile-DEBUG-85-文件后缀是XLSX。当前操作系统是：Windows
2020-11-10 15:13:22,850-matching.py-import_cowsFile-DEBUG-94-使用xlwings读取牛群明细, 有记录：1066条
2020-11-10 15:13:22,850-matching.py-import_cowsFile-INFO-107-从原始文件中导入数据,原始文件是：C:\Users\runda\OneDrive - RundaTech\PortableApps\PortableApps\VSCode\data\ToolsALTA\Match_files\CYHN_全群明细_20201105.xlsx
2020-11-10 15:13:22,854-matching.py-import_cowsFile-INFO-111-pickle文件已保存：C:\Users\runda\OneDrive - RundaTech\PortableApps\PortableApps\VSCode\data\ToolsALTA\Match_files\CYHN_全群明细_20201105.pickle
2020-11-10 15:13:22,855-matching.py-import_cowsFile-INFO-112-已导入所有列
2020-11-10 15:13:22,857-matching.py-import_cowsFile-INFO-124-开始提取列...
  希望提取的列：['牛号', '月龄', '胎次', '繁殖状态', '泌乳天数', '产后天数', '空怀天数', '配种次数', '奶量1', '奶量2', '牛舍名称', '出生日期', '父亲牛号', '外祖父号', '繁殖代码', '怀孕日期', '产犊日期', '干奶日期', '配种日期', '流产日期', '与配公牛']
2020-11-10 15:13:22,858-matching.py-import_cowsFile-INFO-128-  已提取到列:牛号，文件中是：牛号
2020-11-10 15:13:22,859-matching.py-import_cowsFile-INFO-128-  已提取到列:月龄，文件中是：月龄
2020-11-10 15:13:22,860-matching.py-import_cowsFile-INFO-128-  已提取到列:胎次，文件中是：胎次
2020-11-10 15:13:22,860-matching.py-import_cowsFile-INFO-128-  已提取到列:繁殖状态，文件中是：繁殖状态
2020-11-10 15:13:22,861-matching.py-import_cowsFile-INFO-128-  已提取到列:泌乳天数，文件中是：泌乳天数
2020-11-10 15:13:22,862-matching.py-import_cowsFile-INFO-128-  已提取到列:产后天数，文件中是：产后天数
2020-11-10 15:13:22,863-matching.py-import_cowsFile-INFO-128-  已提取到列:空怀天数，文件中是：空怀天数
2020-11-10 15:13:22,864-matching.py-import_cowsFile-INFO-128-  已提取到列:配种次数，文件中是：配种次数
2020-11-10 15:13:22,865-matching.py-import_cowsFile-INFO-128-  已提取到列:奶量1，文件中是：月龄
2020-11-10 15:13:22,865-matching.py-import_cowsFile-INFO-128-  已提取到列:奶量2，文件中是：月龄
2020-11-10 15:13:22,866-matching.py-import_cowsFile-INFO-128-  已提取到列:牛舍名称，文件中是：牛舍名称
2020-11-10 15:13:22,867-matching.py-import_cowsFile-INFO-128-  已提取到列:出生日期，文件中是：出生日期
2020-11-10 15:13:22,867-matching.py-import_cowsFile-INFO-128-  已提取到列:父亲牛号，文件中是：父亲牛号
2020-11-10 15:13:22,868-matching.py-import_cowsFile-INFO-128-  已提取到列:外祖父号，文件中是：外祖父号
2020-11-10 15:13:22,869-matching.py-import_cowsFile-INFO-138-未提取到列:繁殖代码, 文件中未找到['RC', '注册号']
2020-11-10 15:13:22,869-matching.py-import_cowsFile-INFO-128-  已提取到列:怀孕日期，文件中是：怀孕日期
2020-11-10 15:13:22,871-matching.py-import_cowsFile-INFO-128-  已提取到列:产犊日期，文件中是：产犊日期
2020-11-10 15:13:22,872-matching.py-import_cowsFile-INFO-128-  已提取到列:干奶日期，文件中是：干奶日期
2020-11-10 15:13:22,874-matching.py-import_cowsFile-INFO-128-  已提取到列:配种日期，文件中是：配种日期
2020-11-10 15:13:22,875-matching.py-import_cowsFile-INFO-128-  已提取到列:流产日期，文件中是：流产日期
2020-11-10 15:13:22,876-matching.py-import_cowsFile-INFO-128-  已提取到列:与配公牛，文件中是：与配公牛
2020-11-10 15:13:22,877-matching.py-import_cowsFile-INFO-140-提取完成。
2020-11-10 15:13:22,974-matching.py-import_cowsFile-DEBUG-147-牛号             float64
月龄             float64
胎次             float64
繁殖状态            object
泌乳天数           float64
产后天数           float64
空怀天数           float64
配种次数           float64
奶量1            float64
奶量2            float64
牛舍名称            object
出生日期    datetime64[ns]
父亲牛号            object
外祖父号            object
繁殖代码             int64
怀孕日期            object
产犊日期            object
干奶日期            object
配种日期            object
流产日期            object
与配公牛            object
dtype: object
2020-11-10 15:13:22,977-matching.py-import_cowsFile-DEBUG-149-herds1 中有多少头1066
2020-11-10 15:13:22,982-matching.py-import_cowsFile-INFO-153-去除重复耳号记录有：1条
2020-11-10 15:13:22,985-matching.py-import_cowsFile-INFO-157-去除重空耳号记录有：1条
2020-11-10 15:13:22,986-matching.py-import_cowsFile-INFO-162-开始处理日期格式...转换日期格式为"【月/日/年】
2020-11-10 15:13:22,987-matching.py-import_cowsFile-INFO-165-  【出生日期】当前格式是：2011-03-25 00:00:00
2020-11-10 15:13:22,988-matching.py-import_cowsFile-INFO-168-    --第1步：转换为日期类型。
2020-11-10 15:13:22,996-matching.py-import_cowsFile-INFO-182-    --出生日期格式处理完成。现在的格式为：【03/25/2011】
2020-11-10 15:13:22,997-matching.py-import_cowsFile-INFO-165-  【怀孕日期】当前格式是：2020-06-08 00:00:00
2020-11-10 15:13:22,999-matching.py-import_cowsFile-INFO-168-    --第1步：转换为日期类型。
2020-11-10 15:13:23,010-matching.py-import_cowsFile-INFO-182-    --怀孕日期格式处理完成。现在的格式为：【06/08/2020】
2020-11-10 15:13:23,011-matching.py-import_cowsFile-INFO-165-  【产犊日期】当前格式是：2019-12-19 23:06:53
2020-11-10 15:13:23,013-matching.py-import_cowsFile-INFO-168-    --第1步：转换为日期类型。
2020-11-10 15:13:23,024-matching.py-import_cowsFile-INFO-182-    --产犊日期格式处理完成。现在的格式为：【12/19/2019】
2020-11-10 15:13:23,025-matching.py-import_cowsFile-INFO-165-  【干奶日期】当前格式是：1970-01-01 00:00:00
2020-11-10 15:13:23,027-matching.py-import_cowsFile-INFO-168-    --第1步：转换为日期类型。
2020-11-10 15:13:23,035-matching.py-import_cowsFile-INFO-182-    --干奶日期格式处理完成。现在的格式为：【01/01/1970】
2020-11-10 15:13:23,039-matching.py-import_cowsFile-INFO-165-  【配种日期】当前格式是：2020-06-08 00:00:00
2020-11-10 15:13:23,040-matching.py-import_cowsFile-INFO-168-    --第1步：转换为日期类型。
2020-11-10 15:13:23,049-matching.py-import_cowsFile-INFO-182-    --配种日期格式处理完成。现在的格式为：【06/08/2020】
2020-11-10 15:13:23,050-matching.py-import_cowsFile-INFO-165-  【流产日期】当前格式是：1970-01-01 00:00:00
2020-11-10 15:13:23,052-matching.py-import_cowsFile-INFO-168-    --第1步：转换为日期类型。
2020-11-10 15:13:23,062-matching.py-import_cowsFile-INFO-182-    --流产日期格式处理完成。现在的格式为：【01/01/1970】
2020-11-10 15:13:23,063-matching.py-import_cowsFile-DEBUG-183-牛号      float64
月龄      float64
胎次      float64
繁殖状态     object
泌乳天数    float64
产后天数    float64
空怀天数    float64
配种次数    float64
奶量1     float64
奶量2     float64
牛舍名称     object
出生日期     object
父亲牛号     object
外祖父号     object
繁殖代码      int64
怀孕日期     object
产犊日期     object
干奶日期     object
配种日期     object
流产日期     object
与配公牛     object
dtype: object
2020-11-10 15:13:23,067-matching.py-import_cowsFile-INFO-186-添加配种组列, 默认全为0
2020-11-10 15:13:23,073-matching.py-import_cowsFile-INFO-204-文件中共有牛头数：【1064】
2020-11-10 15:13:23,074-matching.py-import_cowsFile-INFO-205-数据保存中...
2020-11-10 15:13:23,096-matching.py-import_cowsFile-INFO-212-各列数据类型转换中...
2020-11-10 15:13:23,109-matching.py-import_cowsFile-DEBUG-224-出生日期
2020-11-10 15:13:23,111-matching.py-import_cowsFile-DEBUG-224-怀孕日期
2020-11-10 15:13:23,112-matching.py-import_cowsFile-DEBUG-224-产犊日期
2020-11-10 15:13:23,113-matching.py-import_cowsFile-DEBUG-224-干奶日期
2020-11-10 15:13:23,114-matching.py-import_cowsFile-DEBUG-224-配种日期
2020-11-10 15:13:23,116-matching.py-import_cowsFile-DEBUG-224-流产日期
2020-11-10 15:13:23,116-matching.py-import_cowsFile-DEBUG-226-牛号       int64
月龄       int64
胎次       int64
繁殖状态    object
泌乳天数     int64
产后天数     int64
空怀天数     int64
配种次数     int64
奶量1      int64
奶量2      int64
牛舍名称    object
出生日期    object
父亲牛号    object
外祖父号    object
繁殖代码     int64
怀孕日期    object
产犊日期    object
干奶日期    object
配种日期    object
流产日期    object
与配公牛    object
配种组      int32
dtype: object
2020-11-10 15:13:23,119-matching.py-import_cowsFile-INFO-227-第一步执行完成，提取的数据保存在：C:\Users\runda\OneDrive - RundaTech\PortableApps\PortableApps\VSCode\data\ToolsALTA\草原和牛_主要信息_20201110.csv

2020-11-10 15:18:11,456-log.py-<module>-DEBUG-19-TEST for logging
2020-11-10 15:18:13,933-matching.py-__init__-DEBUG-44-牛群明细文件的后缀是：XLSX
2020-11-10 15:18:13,935-matching.py-__init__-DEBUG-58-牧场的选配参数为：
  ['草原和牛', '120', '0', '0', '0', '0', '0', '0', '0', 'nothing']
2020-11-10 15:18:13,936-matching.py-import_cowsFile-INFO-75-

开始执行第一步：导入牛群明细:CYHN_全群明细_20201105.xlsx
2020-11-10 15:18:13,936-matching.py-import_cowsFile-DEBUG-77-overload: 1
2020-11-10 15:18:13,937-matching.py-import_cowsFile-DEBUG-83-文件后缀是：XLSX
2020-11-10 15:18:13,937-matching.py-import_cowsFile-DEBUG-85-文件后缀是XLSX。当前操作系统是：Windows
2020-11-10 15:18:15,045-matching.py-import_cowsFile-DEBUG-94-使用xlwings读取牛群明细, 有记录：1066条
2020-11-10 15:18:15,046-matching.py-import_cowsFile-INFO-107-从原始文件中导入数据,原始文件是：C:\Users\runda\OneDrive - RundaTech\PortableApps\PortableApps\VSCode\data\ToolsALTA\Match_files\CYHN_全群明细_20201105.xlsx
2020-11-10 15:18:15,049-matching.py-import_cowsFile-INFO-111-pickle文件已保存：C:\Users\runda\OneDrive - RundaTech\PortableApps\PortableApps\VSCode\data\ToolsALTA\Match_files\CYHN_全群明细_20201105.pickle
2020-11-10 15:18:15,050-matching.py-import_cowsFile-INFO-112-已导入所有列
2020-11-10 15:18:15,051-matching.py-import_cowsFile-INFO-124-开始提取列...
  希望提取的列：['牛号', '月龄', '胎次', '繁殖状态', '泌乳天数', '产后天数', '空怀天数', '配种次数', '奶量1', '奶量2', '牛舍名称', '出生日期', '父亲牛号', '外祖父号', '繁殖代码', '怀孕日期', '产犊日期', '干奶日期', '配种日期', '流产日期', '与配公牛']
2020-11-10 15:18:15,052-matching.py-import_cowsFile-INFO-128-  已提取到列:牛号，文件中是：牛号
2020-11-10 15:18:15,054-matching.py-import_cowsFile-INFO-128-  已提取到列:月龄，文件中是：月龄
2020-11-10 15:18:15,055-matching.py-import_cowsFile-INFO-128-  已提取到列:胎次，文件中是：胎次
2020-11-10 15:18:15,056-matching.py-import_cowsFile-INFO-128-  已提取到列:繁殖状态，文件中是：繁殖状态
2020-11-10 15:18:15,057-matching.py-import_cowsFile-INFO-128-  已提取到列:泌乳天数，文件中是：泌乳天数
2020-11-10 15:18:15,058-matching.py-import_cowsFile-INFO-128-  已提取到列:产后天数，文件中是：产后天数
2020-11-10 15:18:15,059-matching.py-import_cowsFile-INFO-128-  已提取到列:空怀天数，文件中是：空怀天数
2020-11-10 15:18:15,059-matching.py-import_cowsFile-INFO-128-  已提取到列:配种次数，文件中是：配种次数
2020-11-10 15:18:15,060-matching.py-import_cowsFile-INFO-128-  已提取到列:奶量1，文件中是：月龄
2020-11-10 15:18:15,061-matching.py-import_cowsFile-INFO-128-  已提取到列:奶量2，文件中是：月龄
2020-11-10 15:18:15,062-matching.py-import_cowsFile-INFO-128-  已提取到列:牛舍名称，文件中是：牛舍名称
2020-11-10 15:18:15,063-matching.py-import_cowsFile-INFO-128-  已提取到列:出生日期，文件中是：出生日期
2020-11-10 15:18:15,064-matching.py-import_cowsFile-INFO-128-  已提取到列:父亲牛号，文件中是：父亲牛号
2020-11-10 15:18:15,065-matching.py-import_cowsFile-INFO-128-  已提取到列:外祖父号，文件中是：外祖父号
2020-11-10 15:18:15,066-matching.py-import_cowsFile-INFO-138-未提取到列:繁殖代码, 文件中未找到['RC', '注册号']
2020-11-10 15:18:15,066-matching.py-import_cowsFile-INFO-128-  已提取到列:怀孕日期，文件中是：怀孕日期
2020-11-10 15:18:15,067-matching.py-import_cowsFile-INFO-128-  已提取到列:产犊日期，文件中是：产犊日期
2020-11-10 15:18:15,068-matching.py-import_cowsFile-INFO-128-  已提取到列:干奶日期，文件中是：干奶日期
2020-11-10 15:18:15,068-matching.py-import_cowsFile-INFO-128-  已提取到列:配种日期，文件中是：配种日期
2020-11-10 15:18:15,069-matching.py-import_cowsFile-INFO-128-  已提取到列:流产日期，文件中是：流产日期
2020-11-10 15:18:15,070-matching.py-import_cowsFile-INFO-128-  已提取到列:与配公牛，文件中是：与配公牛
2020-11-10 15:18:15,071-matching.py-import_cowsFile-INFO-140-提取完成。
2020-11-10 15:18:15,192-matching.py-import_cowsFile-DEBUG-147-牛号             float64
月龄             float64
胎次             float64
繁殖状态            object
泌乳天数           float64
产后天数           float64
空怀天数           float64
配种次数           float64
奶量1            float64
奶量2            float64
牛舍名称            object
出生日期    datetime64[ns]
父亲牛号            object
外祖父号            object
繁殖代码             int64
怀孕日期            object
产犊日期            object
干奶日期            object
配种日期            object
流产日期            object
与配公牛            object
dtype: object
2020-11-10 15:18:15,194-matching.py-import_cowsFile-DEBUG-149-herds1 中有多少头1066
2020-11-10 15:18:15,198-matching.py-import_cowsFile-INFO-153-去除重复耳号记录有：1条
2020-11-10 15:18:15,201-matching.py-import_cowsFile-INFO-157-去除重空耳号记录有：1条
2020-11-10 15:18:15,202-matching.py-import_cowsFile-INFO-162-开始处理日期格式...转换日期格式为"【月/日/年】
2020-11-10 15:18:15,203-matching.py-import_cowsFile-INFO-166-  【出生日期】当前格式是：2011-03-25 00:00:00,<class 'pandas._libs.tslibs.timestamps.Timestamp'>
2020-11-10 15:18:15,204-matching.py-import_cowsFile-INFO-169-    --第1步：转换为日期类型。
2020-11-10 15:18:15,216-matching.py-import_cowsFile-INFO-183-    --出生日期格式处理完成。现在的格式为：【03/25/2011】，<class 'str'>
2020-11-10 15:18:15,218-matching.py-import_cowsFile-INFO-166-  【怀孕日期】当前格式是：2020-06-08 00:00:00,<class 'pandas._libs.tslibs.timestamps.Timestamp'>
2020-11-10 15:18:15,219-matching.py-import_cowsFile-INFO-169-    --第1步：转换为日期类型。
2020-11-10 15:18:15,227-matching.py-import_cowsFile-INFO-183-    --怀孕日期格式处理完成。现在的格式为：【06/08/2020】，<class 'str'>
2020-11-10 15:18:15,229-matching.py-import_cowsFile-INFO-166-  【产犊日期】当前格式是：2019-12-19 23:06:53,<class 'pandas._libs.tslibs.timestamps.Timestamp'>
2020-11-10 15:18:15,230-matching.py-import_cowsFile-INFO-169-    --第1步：转换为日期类型。
2020-11-10 15:18:15,238-matching.py-import_cowsFile-INFO-183-    --产犊日期格式处理完成。现在的格式为：【12/19/2019】，<class 'str'>
2020-11-10 15:18:15,240-matching.py-import_cowsFile-INFO-166-  【干奶日期】当前格式是：1970-01-01 00:00:00,<class 'pandas._libs.tslibs.timestamps.Timestamp'>
2020-11-10 15:18:15,242-matching.py-import_cowsFile-INFO-169-    --第1步：转换为日期类型。
2020-11-10 15:18:15,249-matching.py-import_cowsFile-INFO-183-    --干奶日期格式处理完成。现在的格式为：【01/01/1970】，<class 'str'>
2020-11-10 15:18:15,251-matching.py-import_cowsFile-INFO-166-  【配种日期】当前格式是：2020-06-08 00:00:00,<class 'pandas._libs.tslibs.timestamps.Timestamp'>
2020-11-10 15:18:15,254-matching.py-import_cowsFile-INFO-169-    --第1步：转换为日期类型。
2020-11-10 15:18:15,268-matching.py-import_cowsFile-INFO-183-    --配种日期格式处理完成。现在的格式为：【06/08/2020】，<class 'str'>
2020-11-10 15:18:15,270-matching.py-import_cowsFile-INFO-166-  【流产日期】当前格式是：1970-01-01 00:00:00,<class 'pandas._libs.tslibs.timestamps.Timestamp'>
2020-11-10 15:18:15,272-matching.py-import_cowsFile-INFO-169-    --第1步：转换为日期类型。
2020-11-10 15:18:15,280-matching.py-import_cowsFile-INFO-183-    --流产日期格式处理完成。现在的格式为：【01/01/1970】，<class 'str'>
2020-11-10 15:18:15,281-matching.py-import_cowsFile-DEBUG-184-牛号      float64
月龄      float64
胎次      float64
繁殖状态     object
泌乳天数    float64
产后天数    float64
空怀天数    float64
配种次数    float64
奶量1     float64
奶量2     float64
牛舍名称     object
出生日期     object
父亲牛号     object
外祖父号     object
繁殖代码      int64
怀孕日期     object
产犊日期     object
干奶日期     object
配种日期     object
流产日期     object
与配公牛     object
dtype: object
2020-11-10 15:18:15,284-matching.py-import_cowsFile-INFO-187-添加配种组列, 默认全为0
2020-11-10 15:18:15,290-matching.py-import_cowsFile-INFO-205-文件中共有牛头数：【1064】
2020-11-10 15:18:15,290-matching.py-import_cowsFile-INFO-206-数据保存中...
2020-11-10 15:18:15,310-matching.py-import_cowsFile-INFO-213-各列数据类型转换中...
2020-11-10 15:18:15,319-matching.py-import_cowsFile-DEBUG-225-出生日期
2020-11-10 15:18:15,320-matching.py-import_cowsFile-DEBUG-225-怀孕日期
2020-11-10 15:18:15,322-matching.py-import_cowsFile-DEBUG-225-产犊日期
2020-11-10 15:18:15,323-matching.py-import_cowsFile-DEBUG-225-干奶日期
2020-11-10 15:18:15,324-matching.py-import_cowsFile-DEBUG-225-配种日期
2020-11-10 15:18:15,325-matching.py-import_cowsFile-DEBUG-225-流产日期
2020-11-10 15:18:15,326-matching.py-import_cowsFile-DEBUG-227-牛号       int64
月龄       int64
胎次       int64
繁殖状态    object
泌乳天数     int64
产后天数     int64
空怀天数     int64
配种次数     int64
奶量1      int64
奶量2      int64
牛舍名称    object
出生日期    object
父亲牛号    object
外祖父号    object
繁殖代码     int64
怀孕日期    object
产犊日期    object
干奶日期    object
配种日期    object
流产日期    object
与配公牛    object
配种组      int32
dtype: object
2020-11-10 15:18:15,329-matching.py-import_cowsFile-INFO-228-第一步执行完成，提取的数据保存在：C:\Users\runda\OneDrive - RundaTech\PortableApps\PortableApps\VSCode\data\ToolsALTA\草原和牛_主要信息_20201110.csv

2020-11-10 16:31:59,505-matching.py-__init__-DEBUG-44-牛群明细文件的后缀是：XLSX
2020-11-10 16:31:59,511-matching.py-__init__-DEBUG-58-牧场的选配参数为：
  ['草原和牛', '120', '0', '0', '0', '0', '0', '0', '0', 'nothing']
2020-11-10 16:31:59,537-matching.py-import_cowsFile-INFO-75-

开始执行第一步：导入牛群明细:CYHN_全群明细_20201105.xlsx
2020-11-10 16:31:59,538-matching.py-import_cowsFile-DEBUG-77-overload: 0
2020-11-10 16:31:59,546-matching.py-import_cowsFile-INFO-81-读取已存在的pickle文件:c:\Users\runda\OneDrive - RundaTech\PortableApps\PortableApps\VSCode\data\ToolsALTA\Match_files\CYHN_全群明细_20201105.pickle
2020-11-10 16:31:59,547-matching.py-import_cowsFile-INFO-112-已导入所有列
2020-11-10 16:31:59,551-matching.py-import_cowsFile-INFO-124-开始提取列...
  希望提取的列：['牛号', '月龄', '胎次', '繁殖状态', '泌乳天数', '产后天数', '空怀天数', '配种次数', '奶量1', '奶量2', '牛舍名称', '出生日期', '父亲牛号', '外祖父号', '繁殖代码', '怀孕日期', '产犊日期', '干奶日期', '配种日期', '流产日期', '与配公牛']
2020-11-10 16:31:59,553-matching.py-import_cowsFile-INFO-128-  已提取到列:牛号，文件中是：牛号
2020-11-10 16:31:59,561-matching.py-import_cowsFile-INFO-128-  已提取到列:月龄，文件中是：月龄
2020-11-10 16:31:59,563-matching.py-import_cowsFile-INFO-128-  已提取到列:胎次，文件中是：胎次
2020-11-10 16:31:59,569-matching.py-import_cowsFile-INFO-128-  已提取到列:繁殖状态，文件中是：繁殖状态
2020-11-10 16:31:59,572-matching.py-import_cowsFile-INFO-128-  已提取到列:泌乳天数，文件中是：泌乳天数
2020-11-10 16:31:59,574-matching.py-import_cowsFile-INFO-128-  已提取到列:产后天数，文件中是：产后天数
2020-11-10 16:31:59,575-matching.py-import_cowsFile-INFO-128-  已提取到列:空怀天数，文件中是：空怀天数
2020-11-10 16:31:59,577-matching.py-import_cowsFile-INFO-128-  已提取到列:配种次数，文件中是：配种次数
2020-11-10 16:31:59,580-matching.py-import_cowsFile-INFO-128-  已提取到列:奶量1，文件中是：月龄
2020-11-10 16:31:59,585-matching.py-import_cowsFile-INFO-128-  已提取到列:奶量2，文件中是：月龄
2020-11-10 16:31:59,588-matching.py-import_cowsFile-INFO-128-  已提取到列:牛舍名称，文件中是：牛舍名称
2020-11-10 16:31:59,590-matching.py-import_cowsFile-INFO-128-  已提取到列:出生日期，文件中是：出生日期
2020-11-10 16:31:59,592-matching.py-import_cowsFile-INFO-128-  已提取到列:父亲牛号，文件中是：父亲牛号
2020-11-10 16:31:59,595-matching.py-import_cowsFile-INFO-128-  已提取到列:外祖父号，文件中是：外祖父号
2020-11-10 16:31:59,599-matching.py-import_cowsFile-INFO-138-未提取到列:繁殖代码, 文件中未找到['RC', '注册号']
2020-11-10 16:31:59,603-matching.py-import_cowsFile-INFO-128-  已提取到列:怀孕日期，文件中是：怀孕日期
2020-11-10 16:31:59,605-matching.py-import_cowsFile-INFO-128-  已提取到列:产犊日期，文件中是：产犊日期
2020-11-10 16:31:59,607-matching.py-import_cowsFile-INFO-128-  已提取到列:干奶日期，文件中是：干奶日期
2020-11-10 16:31:59,609-matching.py-import_cowsFile-INFO-128-  已提取到列:配种日期，文件中是：配种日期
2020-11-10 16:31:59,611-matching.py-import_cowsFile-INFO-128-  已提取到列:流产日期，文件中是：流产日期
2020-11-10 16:31:59,613-matching.py-import_cowsFile-INFO-128-  已提取到列:与配公牛，文件中是：与配公牛
2020-11-10 16:31:59,617-matching.py-import_cowsFile-INFO-140-提取完成。
2020-11-10 16:31:59,736-matching.py-import_cowsFile-DEBUG-147-牛号             float64
月龄             float64
胎次             float64
繁殖状态            object
泌乳天数           float64
产后天数           float64
空怀天数           float64
配种次数           float64
奶量1            float64
奶量2            float64
牛舍名称            object
出生日期    datetime64[ns]
父亲牛号            object
外祖父号            object
繁殖代码             int64
怀孕日期            object
产犊日期            object
干奶日期            object
配种日期            object
流产日期            object
与配公牛            object
dtype: object
2020-11-10 16:31:59,739-matching.py-import_cowsFile-DEBUG-149-herds1 中有多少头1066
2020-11-10 16:31:59,750-matching.py-import_cowsFile-INFO-153-去除重复耳号记录有：1条
2020-11-10 16:31:59,755-matching.py-import_cowsFile-INFO-157-去除重空耳号记录有：1条
2020-11-10 16:31:59,756-matching.py-import_cowsFile-INFO-162-开始处理日期格式...转换日期格式为"【月/日/年】
2020-11-10 16:31:59,760-matching.py-import_cowsFile-INFO-167-  【出生日期】当前格式是：2011-03-25 00:00:00,<class 'pandas._libs.tslibs.timestamps.Timestamp'>
2020-11-10 16:31:59,765-matching.py-import_cowsFile-INFO-170-    --第1步：转换为日期类型。
2020-11-10 16:31:59,774-matching.py-import_cowsFile-INFO-184-    --出生日期格式处理完成。现在的格式为：【03/25/2011】，<class 'str'>
2020-11-10 16:31:59,780-matching.py-import_cowsFile-INFO-167-  【怀孕日期】当前格式是：2020-06-08 00:00:00,<class 'pandas._libs.tslibs.timestamps.Timestamp'>
2020-11-10 16:31:59,789-matching.py-import_cowsFile-INFO-170-    --第1步：转换为日期类型。
2020-11-10 16:31:59,816-matching.py-import_cowsFile-INFO-184-    --怀孕日期格式处理完成。现在的格式为：【06/08/2020】，<class 'str'>
2020-11-10 16:31:59,819-matching.py-import_cowsFile-INFO-167-  【产犊日期】当前格式是：2019-12-19 23:06:53,<class 'pandas._libs.tslibs.timestamps.Timestamp'>
2020-11-10 16:31:59,821-matching.py-import_cowsFile-INFO-170-    --第1步：转换为日期类型。
2020-11-10 16:31:59,835-matching.py-import_cowsFile-INFO-184-    --产犊日期格式处理完成。现在的格式为：【12/19/2019】，<class 'str'>
2020-11-10 16:31:59,840-matching.py-import_cowsFile-INFO-167-  【干奶日期】当前格式是：1970-01-01 00:00:00,<class 'pandas._libs.tslibs.timestamps.Timestamp'>
2020-11-10 16:31:59,844-matching.py-import_cowsFile-INFO-170-    --第1步：转换为日期类型。
2020-11-10 16:31:59,858-matching.py-import_cowsFile-INFO-184-    --干奶日期格式处理完成。现在的格式为：【01/01/1970】，<class 'str'>
2020-11-10 16:31:59,861-matching.py-import_cowsFile-INFO-167-  【配种日期】当前格式是：2020-06-08 00:00:00,<class 'pandas._libs.tslibs.timestamps.Timestamp'>
2020-11-10 16:31:59,863-matching.py-import_cowsFile-INFO-170-    --第1步：转换为日期类型。
2020-11-10 16:31:59,883-matching.py-import_cowsFile-INFO-184-    --配种日期格式处理完成。现在的格式为：【06/08/2020】，<class 'str'>
2020-11-10 16:31:59,888-matching.py-import_cowsFile-INFO-167-  【流产日期】当前格式是：1970-01-01 00:00:00,<class 'pandas._libs.tslibs.timestamps.Timestamp'>
2020-11-10 16:31:59,892-matching.py-import_cowsFile-INFO-170-    --第1步：转换为日期类型。
2020-11-10 16:31:59,906-matching.py-import_cowsFile-INFO-184-    --流产日期格式处理完成。现在的格式为：【01/01/1970】，<class 'str'>
2020-11-10 16:31:59,907-matching.py-import_cowsFile-DEBUG-185-牛号      float64
月龄      float64
胎次      float64
繁殖状态     object
泌乳天数    float64
产后天数    float64
空怀天数    float64
配种次数    float64
奶量1     float64
奶量2     float64
牛舍名称     object
出生日期     object
父亲牛号     object
外祖父号     object
繁殖代码      int64
怀孕日期     object
产犊日期     object
干奶日期     object
配种日期     object
流产日期     object
与配公牛     object
dtype: object
2020-11-10 16:31:59,910-matching.py-import_cowsFile-INFO-188-添加配种组列, 默认全为0
2020-11-10 16:31:59,928-matching.py-import_cowsFile-INFO-206-文件中共有牛头数：【1064】
2020-11-10 16:31:59,929-matching.py-import_cowsFile-INFO-207-数据保存中...
2020-11-10 16:31:59,958-matching.py-import_cowsFile-INFO-214-各列数据类型转换中...
2020-11-10 16:31:59,974-matching.py-import_cowsFile-DEBUG-227-牛号       int64
月龄       int64
胎次       int64
繁殖状态    object
泌乳天数     int64
产后天数     int64
空怀天数     int64
配种次数     int64
奶量1      int64
奶量2      int64
牛舍名称    object
出生日期    object
父亲牛号    object
外祖父号    object
繁殖代码     int64
怀孕日期    object
产犊日期    object
干奶日期    object
配种日期    object
流产日期    object
与配公牛    object
配种组      int32
dtype: object
2020-11-10 16:31:59,977-matching.py-import_cowsFile-INFO-228-第一步执行完成，提取的数据保存在：c:\Users\runda\OneDrive - RundaTech\PortableApps\PortableApps\VSCode\data\ToolsALTA\草原和牛_主要信息_20201110.csv

